2025-02-07 15:06:51,868 - root - INFO - Bot sedang berjalan...
2025-02-07 15:06:52,753 - httpx - INFO - HTTP Request: POST https://api.telegram.org/bot7755128544:AAES3q1UQZaR83h1-m0H_cejTeps0WN_2lA/getMe "HTTP/1.1 200 OK"
2025-02-07 15:06:53,036 - httpx - INFO - HTTP Request: POST https://api.telegram.org/bot7755128544:AAES3q1UQZaR83h1-m0H_cejTeps0WN_2lA/deleteWebhook "HTTP/1.1 200 OK"
2025-02-07 15:06:53,036 - apscheduler.scheduler - INFO - Scheduler started
2025-02-07 15:06:53,036 - telegram.ext.Application - INFO - Application started
2025-02-07 15:07:00,213 - httpx - INFO - HTTP Request: POST https://api.telegram.org/bot7755128544:AAES3q1UQZaR83h1-m0H_cejTeps0WN_2lA/getUpdates "HTTP/1.1 200 OK"
2025-02-07 15:07:01,292 - httpx - INFO - HTTP Request: POST https://api.telegram.org/bot7755128544:AAES3q1UQZaR83h1-m0H_cejTeps0WN_2lA/sendMessage "HTTP/1.1 200 OK"
2025-02-07 15:07:10,489 - httpx - INFO - HTTP Request: POST https://api.telegram.org/bot7755128544:AAES3q1UQZaR83h1-m0H_cejTeps0WN_2lA/getUpdates "HTTP/1.1 200 OK"
2025-02-07 15:07:20,765 - httpx - INFO - HTTP Request: POST https://api.telegram.org/bot7755128544:AAES3q1UQZaR83h1-m0H_cejTeps0WN_2lA/getUpdates "HTTP/1.1 200 OK"
2025-02-07 15:07:21,032 - httpx - INFO - HTTP Request: POST https://api.telegram.org/bot7755128544:AAES3q1UQZaR83h1-m0H_cejTeps0WN_2lA/getUpdates "HTTP/1.1 200 OK"
2025-02-07 15:07:22,199 - httpx - INFO - HTTP Request: POST https://api.telegram.org/bot7755128544:AAES3q1UQZaR83h1-m0H_cejTeps0WN_2lA/sendMessage "HTTP/1.1 200 OK"
2025-02-07 15:07:31,166 - root - ERROR - Error: Message: javascript error: Failed to set the 'innerHTML' property on 'Element': This document requires 'TrustedHTML' assignment.
  (Session info: chrome=132.0.6834.160)
Stacktrace:
	GetHandleVerifier [0x00007FF7644302F5+28725]
	(No symbol) [0x00007FF764392AE0]
	(No symbol) [0x00007FF76422510A]
	(No symbol) [0x00007FF76422BD70]
	(No symbol) [0x00007FF76422EDF8]
	(No symbol) [0x00007FF7642C1460]
	(No symbol) [0x00007FF76429FFAA]
	(No symbol) [0x00007FF7642C0181]
	(No symbol) [0x00007FF76429FD53]
	(No symbol) [0x00007FF76426A0E3]
	(No symbol) [0x00007FF76426B471]
	GetHandleVerifier [0x00007FF76475F30D+3366989]
	GetHandleVerifier [0x00007FF7647712F0+3440688]
	GetHandleVerifier [0x00007FF7647678FD+3401277]
	GetHandleVerifier [0x00007FF7644FAAAB+858091]
	(No symbol) [0x00007FF76439E74F]
	(No symbol) [0x00007FF76439A304]
	(No symbol) [0x00007FF76439A49D]
	(No symbol) [0x00007FF764388B69]
	BaseThreadInitThunk [0x00007FFCB0C1259D+29]
	RtlUserThreadStart [0x00007FFCB13AAF38+40]

2025-02-07 15:07:34,134 - httpx - INFO - HTTP Request: POST https://api.telegram.org/bot7755128544:AAES3q1UQZaR83h1-m0H_cejTeps0WN_2lA/getUpdates "HTTP/1.1 200 OK"
2025-02-07 15:07:35,172 - httpx - INFO - HTTP Request: POST https://api.telegram.org/bot7755128544:AAES3q1UQZaR83h1-m0H_cejTeps0WN_2lA/sendMessage "HTTP/1.1 200 OK"
2025-02-07 15:07:44,396 - httpx - INFO - HTTP Request: POST https://api.telegram.org/bot7755128544:AAES3q1UQZaR83h1-m0H_cejTeps0WN_2lA/getUpdates "HTTP/1.1 200 OK"
2025-02-07 15:07:54,683 - httpx - INFO - HTTP Request: POST https://api.telegram.org/bot7755128544:AAES3q1UQZaR83h1-m0H_cejTeps0WN_2lA/getUpdates "HTTP/1.1 200 OK"
2025-02-07 15:08:04,960 - httpx - INFO - HTTP Request: POST https://api.telegram.org/bot7755128544:AAES3q1UQZaR83h1-m0H_cejTeps0WN_2lA/getUpdates "HTTP/1.1 200 OK"
2025-02-07 15:08:15,226 - httpx - INFO - HTTP Request: POST https://api.telegram.org/bot7755128544:AAES3q1UQZaR83h1-m0H_cejTeps0WN_2lA/getUpdates "HTTP/1.1 200 OK"
2025-02-07 15:08:25,507 - httpx - INFO - HTTP Request: POST https://api.telegram.org/bot7755128544:AAES3q1UQZaR83h1-m0H_cejTeps0WN_2lA/getUpdates "HTTP/1.1 200 OK"
2025-02-07 15:08:35,773 - httpx - INFO - HTTP Request: POST https://api.telegram.org/bot7755128544:AAES3q1UQZaR83h1-m0H_cejTeps0WN_2lA/getUpdates "HTTP/1.1 200 OK"
2025-02-07 15:08:46,062 - httpx - INFO - HTTP Request: POST https://api.telegram.org/bot7755128544:AAES3q1UQZaR83h1-m0H_cejTeps0WN_2lA/getUpdates "HTTP/1.1 200 OK"
2025-02-07 15:08:56,339 - httpx - INFO - HTTP Request: POST https://api.telegram.org/bot7755128544:AAES3q1UQZaR83h1-m0H_cejTeps0WN_2lA/getUpdates "HTTP/1.1 200 OK"
2025-02-07 15:09:06,615 - httpx - INFO - HTTP Request: POST https://api.telegram.org/bot7755128544:AAES3q1UQZaR83h1-m0H_cejTeps0WN_2lA/getUpdates "HTTP/1.1 200 OK"
2025-02-07 15:09:16,891 - httpx - INFO - HTTP Request: POST https://api.telegram.org/bot7755128544:AAES3q1UQZaR83h1-m0H_cejTeps0WN_2lA/getUpdates "HTTP/1.1 200 OK"
2025-02-07 15:09:27,166 - httpx - INFO - HTTP Request: POST https://api.telegram.org/bot7755128544:AAES3q1UQZaR83h1-m0H_cejTeps0WN_2lA/getUpdates "HTTP/1.1 200 OK"
2025-02-07 15:09:37,439 - httpx - INFO - HTTP Request: POST https://api.telegram.org/bot7755128544:AAES3q1UQZaR83h1-m0H_cejTeps0WN_2lA/getUpdates "HTTP/1.1 200 OK"
2025-02-07 15:09:47,714 - httpx - INFO - HTTP Request: POST https://api.telegram.org/bot7755128544:AAES3q1UQZaR83h1-m0H_cejTeps0WN_2lA/getUpdates "HTTP/1.1 200 OK"
2025-02-07 15:09:57,975 - httpx - INFO - HTTP Request: POST https://api.telegram.org/bot7755128544:AAES3q1UQZaR83h1-m0H_cejTeps0WN_2lA/getUpdates "HTTP/1.1 200 OK"
2025-02-07 15:10:08,266 - httpx - INFO - HTTP Request: POST https://api.telegram.org/bot7755128544:AAES3q1UQZaR83h1-m0H_cejTeps0WN_2lA/getUpdates "HTTP/1.1 200 OK"
2025-02-07 15:10:18,539 - httpx - INFO - HTTP Request: POST https://api.telegram.org/bot7755128544:AAES3q1UQZaR83h1-m0H_cejTeps0WN_2lA/getUpdates "HTTP/1.1 200 OK"
2025-02-07 15:10:28,815 - httpx - INFO - HTTP Request: POST https://api.telegram.org/bot7755128544:AAES3q1UQZaR83h1-m0H_cejTeps0WN_2lA/getUpdates "HTTP/1.1 200 OK"
2025-02-07 15:10:39,091 - httpx - INFO - HTTP Request: POST https://api.telegram.org/bot7755128544:AAES3q1UQZaR83h1-m0H_cejTeps0WN_2lA/getUpdates "HTTP/1.1 200 OK"
2025-02-07 15:10:49,368 - httpx - INFO - HTTP Request: POST https://api.telegram.org/bot7755128544:AAES3q1UQZaR83h1-m0H_cejTeps0WN_2lA/getUpdates "HTTP/1.1 200 OK"
2025-02-07 15:10:59,637 - httpx - INFO - HTTP Request: POST https://api.telegram.org/bot7755128544:AAES3q1UQZaR83h1-m0H_cejTeps0WN_2lA/getUpdates "HTTP/1.1 200 OK"
2025-02-07 15:11:03,670 - httpx - INFO - HTTP Request: POST https://api.telegram.org/bot7755128544:AAES3q1UQZaR83h1-m0H_cejTeps0WN_2lA/getUpdates "HTTP/1.1 200 OK"
2025-02-07 15:11:03,670 - telegram.ext.Application - INFO - Application is stopping. This might take a moment.
2025-02-07 15:11:03,670 - apscheduler.scheduler - INFO - Scheduler has been shut down
2025-02-07 15:11:03,670 - telegram.ext.Application - INFO - Application.stop() complete
2025-02-07 15:11:19,435 - root - INFO - Bot sedang berjalan...
2025-02-07 15:11:20,112 - httpx - INFO - HTTP Request: POST https://api.telegram.org/botYOUR_TELEGRAM_BOT_TOKEN/getMe "HTTP/1.1 404 Not Found"
2025-02-07 15:11:41,603 - root - INFO - Bot sedang berjalan...
2025-02-07 15:11:42,464 - httpx - INFO - HTTP Request: POST https://api.telegram.org/botYOUR_TELEGRAM_BOT_TOKEN/getMe "HTTP/1.1 404 Not Found"
2025-02-07 15:12:00,062 - root - INFO - Bot sedang berjalan...
2025-02-07 15:12:00,723 - httpx - INFO - HTTP Request: POST https://api.telegram.org/botYOUR_TELEGRAM_BOT_TOKEN/getMe "HTTP/1.1 404 Not Found"
2025-02-07 15:13:12,605 - root - INFO - Bot sedang berjalan...
2025-02-07 15:13:13,264 - httpx - INFO - HTTP Request: POST https://api.telegram.org/bot7755128544:AAES3q1UQZaR83h1-m0H_cejTeps0WN_2lA/getMe "HTTP/1.1 200 OK"
2025-02-07 15:13:13,471 - httpx - INFO - HTTP Request: POST https://api.telegram.org/bot7755128544:AAES3q1UQZaR83h1-m0H_cejTeps0WN_2lA/deleteWebhook "HTTP/1.1 200 OK"
2025-02-07 15:13:13,471 - apscheduler.scheduler - INFO - Scheduler started
2025-02-07 15:13:13,471 - telegram.ext.Application - INFO - Application started
2025-02-07 15:13:24,312 - httpx - INFO - HTTP Request: POST https://api.telegram.org/bot7755128544:AAES3q1UQZaR83h1-m0H_cejTeps0WN_2lA/getUpdates "HTTP/1.1 200 OK"
2025-02-07 15:13:24,761 - httpx - INFO - HTTP Request: POST https://api.telegram.org/bot7755128544:AAES3q1UQZaR83h1-m0H_cejTeps0WN_2lA/getUpdates "HTTP/1.1 200 OK"
2025-02-07 15:13:25,831 - httpx - INFO - HTTP Request: POST https://api.telegram.org/bot7755128544:AAES3q1UQZaR83h1-m0H_cejTeps0WN_2lA/sendMessage "HTTP/1.1 200 OK"
2025-02-07 15:13:32,274 - httpx - INFO - HTTP Request: POST https://api.telegram.org/bot7755128544:AAES3q1UQZaR83h1-m0H_cejTeps0WN_2lA/getUpdates "HTTP/1.1 200 OK"
2025-02-07 15:13:33,351 - httpx - INFO - HTTP Request: POST https://api.telegram.org/bot7755128544:AAES3q1UQZaR83h1-m0H_cejTeps0WN_2lA/sendMessage "HTTP/1.1 200 OK"
2025-02-07 15:13:38,662 - httpx - INFO - HTTP Request: POST https://api.telegram.org/bot7755128544:AAES3q1UQZaR83h1-m0H_cejTeps0WN_2lA/getUpdates "HTTP/1.1 200 OK"
2025-02-07 15:13:39,549 - httpx - INFO - HTTP Request: POST https://api.telegram.org/bot7755128544:AAES3q1UQZaR83h1-m0H_cejTeps0WN_2lA/sendMessage "HTTP/1.1 200 OK"
2025-02-07 15:13:48,428 - httpx - INFO - HTTP Request: POST https://api.telegram.org/bot7755128544:AAES3q1UQZaR83h1-m0H_cejTeps0WN_2lA/getUpdates "HTTP/1.1 200 OK"
2025-02-07 15:13:49,338 - httpx - INFO - HTTP Request: POST https://api.telegram.org/bot7755128544:AAES3q1UQZaR83h1-m0H_cejTeps0WN_2lA/sendMessage "HTTP/1.1 200 OK"
2025-02-07 15:13:58,869 - root - ERROR - Error: 'NoneType' object is not subscriptable
2025-02-07 15:14:01,828 - httpx - INFO - HTTP Request: POST https://api.telegram.org/bot7755128544:AAES3q1UQZaR83h1-m0H_cejTeps0WN_2lA/getUpdates "HTTP/1.1 200 OK"
2025-02-07 15:14:02,839 - httpx - INFO - HTTP Request: POST https://api.telegram.org/bot7755128544:AAES3q1UQZaR83h1-m0H_cejTeps0WN_2lA/sendMessage "HTTP/1.1 200 OK"
2025-02-07 15:14:12,128 - httpx - INFO - HTTP Request: POST https://api.telegram.org/bot7755128544:AAES3q1UQZaR83h1-m0H_cejTeps0WN_2lA/getUpdates "HTTP/1.1 200 OK"
2025-02-07 15:14:12,128 - telegram.ext.Application - INFO - Application is stopping. This might take a moment.
2025-02-07 15:14:12,128 - apscheduler.scheduler - INFO - Scheduler has been shut down
2025-02-07 15:14:12,128 - telegram.ext.Application - INFO - Application.stop() complete
2025-02-07 15:14:23,678 - root - INFO - Bot sedang berjalan...
2025-02-07 15:14:24,330 - httpx - INFO - HTTP Request: POST https://api.telegram.org/bot7755128544:AAES3q1UQZaR83h1-m0H_cejTeps0WN_2lA/getMe "HTTP/1.1 200 OK"
2025-02-07 15:14:24,537 - httpx - INFO - HTTP Request: POST https://api.telegram.org/bot7755128544:AAES3q1UQZaR83h1-m0H_cejTeps0WN_2lA/deleteWebhook "HTTP/1.1 200 OK"
2025-02-07 15:14:24,537 - apscheduler.scheduler - INFO - Scheduler started
2025-02-07 15:14:24,537 - telegram.ext.Application - INFO - Application started
2025-02-07 15:14:27,641 - httpx - INFO - HTTP Request: POST https://api.telegram.org/bot7755128544:AAES3q1UQZaR83h1-m0H_cejTeps0WN_2lA/getUpdates "HTTP/1.1 200 OK"
2025-02-07 15:14:28,070 - httpx - INFO - HTTP Request: POST https://api.telegram.org/bot7755128544:AAES3q1UQZaR83h1-m0H_cejTeps0WN_2lA/sendMessage "HTTP/1.1 200 OK"
2025-02-07 15:14:30,631 - httpx - INFO - HTTP Request: POST https://api.telegram.org/bot7755128544:AAES3q1UQZaR83h1-m0H_cejTeps0WN_2lA/getUpdates "HTTP/1.1 200 OK"
2025-02-07 15:14:31,130 - httpx - INFO - HTTP Request: POST https://api.telegram.org/bot7755128544:AAES3q1UQZaR83h1-m0H_cejTeps0WN_2lA/sendMessage "HTTP/1.1 200 OK"
2025-02-07 15:14:35,808 - httpx - INFO - HTTP Request: POST https://api.telegram.org/bot7755128544:AAES3q1UQZaR83h1-m0H_cejTeps0WN_2lA/getUpdates "HTTP/1.1 200 OK"
2025-02-07 15:14:36,310 - httpx - INFO - HTTP Request: POST https://api.telegram.org/bot7755128544:AAES3q1UQZaR83h1-m0H_cejTeps0WN_2lA/sendMessage "HTTP/1.1 200 OK"
2025-02-07 15:14:46,090 - httpx - INFO - HTTP Request: POST https://api.telegram.org/bot7755128544:AAES3q1UQZaR83h1-m0H_cejTeps0WN_2lA/getUpdates "HTTP/1.1 200 OK"
2025-02-07 15:14:47,973 - httpx - INFO - HTTP Request: POST https://api.telegram.org/bot7755128544:AAES3q1UQZaR83h1-m0H_cejTeps0WN_2lA/getUpdates "HTTP/1.1 200 OK"
2025-02-07 15:14:48,981 - httpx - INFO - HTTP Request: POST https://api.telegram.org/bot7755128544:AAES3q1UQZaR83h1-m0H_cejTeps0WN_2lA/sendMessage "HTTP/1.1 200 OK"
2025-02-07 15:14:57,897 - root - ERROR - Error: 'NoneType' object is not subscriptable
2025-02-07 15:15:00,855 - httpx - INFO - HTTP Request: POST https://api.telegram.org/bot7755128544:AAES3q1UQZaR83h1-m0H_cejTeps0WN_2lA/getUpdates "HTTP/1.1 200 OK"
2025-02-07 15:15:01,884 - httpx - INFO - HTTP Request: POST https://api.telegram.org/bot7755128544:AAES3q1UQZaR83h1-m0H_cejTeps0WN_2lA/sendMessage "HTTP/1.1 200 OK"
2025-02-07 15:15:11,124 - httpx - INFO - HTTP Request: POST https://api.telegram.org/bot7755128544:AAES3q1UQZaR83h1-m0H_cejTeps0WN_2lA/getUpdates "HTTP/1.1 200 OK"
2025-02-07 15:15:21,404 - httpx - INFO - HTTP Request: POST https://api.telegram.org/bot7755128544:AAES3q1UQZaR83h1-m0H_cejTeps0WN_2lA/getUpdates "HTTP/1.1 200 OK"
2025-02-07 15:15:31,682 - httpx - INFO - HTTP Request: POST https://api.telegram.org/bot7755128544:AAES3q1UQZaR83h1-m0H_cejTeps0WN_2lA/getUpdates "HTTP/1.1 200 OK"
2025-02-07 15:15:41,957 - httpx - INFO - HTTP Request: POST https://api.telegram.org/bot7755128544:AAES3q1UQZaR83h1-m0H_cejTeps0WN_2lA/getUpdates "HTTP/1.1 200 OK"
2025-02-07 15:15:52,240 - httpx - INFO - HTTP Request: POST https://api.telegram.org/bot7755128544:AAES3q1UQZaR83h1-m0H_cejTeps0WN_2lA/getUpdates "HTTP/1.1 200 OK"
2025-02-07 15:16:02,518 - httpx - INFO - HTTP Request: POST https://api.telegram.org/bot7755128544:AAES3q1UQZaR83h1-m0H_cejTeps0WN_2lA/getUpdates "HTTP/1.1 200 OK"
2025-02-07 15:16:12,793 - httpx - INFO - HTTP Request: POST https://api.telegram.org/bot7755128544:AAES3q1UQZaR83h1-m0H_cejTeps0WN_2lA/getUpdates "HTTP/1.1 200 OK"
2025-02-07 15:16:23,063 - httpx - INFO - HTTP Request: POST https://api.telegram.org/bot7755128544:AAES3q1UQZaR83h1-m0H_cejTeps0WN_2lA/getUpdates "HTTP/1.1 200 OK"
2025-02-07 15:16:33,357 - httpx - INFO - HTTP Request: POST https://api.telegram.org/bot7755128544:AAES3q1UQZaR83h1-m0H_cejTeps0WN_2lA/getUpdates "HTTP/1.1 200 OK"
2025-02-07 15:16:43,642 - httpx - INFO - HTTP Request: POST https://api.telegram.org/bot7755128544:AAES3q1UQZaR83h1-m0H_cejTeps0WN_2lA/getUpdates "HTTP/1.1 200 OK"
2025-02-07 15:16:53,908 - httpx - INFO - HTTP Request: POST https://api.telegram.org/bot7755128544:AAES3q1UQZaR83h1-m0H_cejTeps0WN_2lA/getUpdates "HTTP/1.1 200 OK"
2025-02-07 15:17:04,197 - httpx - INFO - HTTP Request: POST https://api.telegram.org/bot7755128544:AAES3q1UQZaR83h1-m0H_cejTeps0WN_2lA/getUpdates "HTTP/1.1 200 OK"
2025-02-07 15:17:14,518 - httpx - INFO - HTTP Request: POST https://api.telegram.org/bot7755128544:AAES3q1UQZaR83h1-m0H_cejTeps0WN_2lA/getUpdates "HTTP/1.1 200 OK"
2025-02-07 15:17:24,792 - httpx - INFO - HTTP Request: POST https://api.telegram.org/bot7755128544:AAES3q1UQZaR83h1-m0H_cejTeps0WN_2lA/getUpdates "HTTP/1.1 200 OK"
2025-02-07 15:17:35,079 - httpx - INFO - HTTP Request: POST https://api.telegram.org/bot7755128544:AAES3q1UQZaR83h1-m0H_cejTeps0WN_2lA/getUpdates "HTTP/1.1 200 OK"
2025-02-07 15:17:45,357 - httpx - INFO - HTTP Request: POST https://api.telegram.org/bot7755128544:AAES3q1UQZaR83h1-m0H_cejTeps0WN_2lA/getUpdates "HTTP/1.1 200 OK"
2025-02-07 15:17:55,633 - httpx - INFO - HTTP Request: POST https://api.telegram.org/bot7755128544:AAES3q1UQZaR83h1-m0H_cejTeps0WN_2lA/getUpdates "HTTP/1.1 200 OK"
2025-02-07 15:18:05,915 - httpx - INFO - HTTP Request: POST https://api.telegram.org/bot7755128544:AAES3q1UQZaR83h1-m0H_cejTeps0WN_2lA/getUpdates "HTTP/1.1 200 OK"
2025-02-07 15:18:16,195 - httpx - INFO - HTTP Request: POST https://api.telegram.org/bot7755128544:AAES3q1UQZaR83h1-m0H_cejTeps0WN_2lA/getUpdates "HTTP/1.1 200 OK"
2025-02-07 15:18:26,474 - httpx - INFO - HTTP Request: POST https://api.telegram.org/bot7755128544:AAES3q1UQZaR83h1-m0H_cejTeps0WN_2lA/getUpdates "HTTP/1.1 200 OK"
2025-02-07 15:18:36,751 - httpx - INFO - HTTP Request: POST https://api.telegram.org/bot7755128544:AAES3q1UQZaR83h1-m0H_cejTeps0WN_2lA/getUpdates "HTTP/1.1 200 OK"
2025-02-07 15:18:47,028 - httpx - INFO - HTTP Request: POST https://api.telegram.org/bot7755128544:AAES3q1UQZaR83h1-m0H_cejTeps0WN_2lA/getUpdates "HTTP/1.1 200 OK"
2025-02-07 15:18:57,304 - httpx - INFO - HTTP Request: POST https://api.telegram.org/bot7755128544:AAES3q1UQZaR83h1-m0H_cejTeps0WN_2lA/getUpdates "HTTP/1.1 200 OK"
2025-02-07 15:19:07,587 - httpx - INFO - HTTP Request: POST https://api.telegram.org/bot7755128544:AAES3q1UQZaR83h1-m0H_cejTeps0WN_2lA/getUpdates "HTTP/1.1 200 OK"
2025-02-07 15:19:17,868 - httpx - INFO - HTTP Request: POST https://api.telegram.org/bot7755128544:AAES3q1UQZaR83h1-m0H_cejTeps0WN_2lA/getUpdates "HTTP/1.1 200 OK"
2025-02-07 15:19:28,153 - httpx - INFO - HTTP Request: POST https://api.telegram.org/bot7755128544:AAES3q1UQZaR83h1-m0H_cejTeps0WN_2lA/getUpdates "HTTP/1.1 200 OK"
2025-02-07 15:19:38,435 - httpx - INFO - HTTP Request: POST https://api.telegram.org/bot7755128544:AAES3q1UQZaR83h1-m0H_cejTeps0WN_2lA/getUpdates "HTTP/1.1 200 OK"
2025-02-07 15:19:48,713 - httpx - INFO - HTTP Request: POST https://api.telegram.org/bot7755128544:AAES3q1UQZaR83h1-m0H_cejTeps0WN_2lA/getUpdates "HTTP/1.1 200 OK"
2025-02-07 15:19:59,157 - httpx - INFO - HTTP Request: POST https://api.telegram.org/bot7755128544:AAES3q1UQZaR83h1-m0H_cejTeps0WN_2lA/getUpdates "HTTP/1.1 200 OK"
2025-02-07 15:19:59,157 - telegram.ext.Application - INFO - Application is stopping. This might take a moment.
2025-02-07 15:19:59,157 - apscheduler.scheduler - INFO - Scheduler has been shut down
2025-02-07 15:19:59,157 - telegram.ext.Application - INFO - Application.stop() complete
2025-02-10 08:21:35,431 - __main__ - INFO - Bot started successfully!
2025-02-10 08:21:36,288 - httpx - INFO - HTTP Request: POST https://api.telegram.org/bot7755128544:AAES3q1UQZaR83h1-m0H_cejTeps0WN_2lA/getMe "HTTP/1.1 200 OK"
2025-02-10 08:21:36,594 - httpx - INFO - HTTP Request: POST https://api.telegram.org/bot7755128544:AAES3q1UQZaR83h1-m0H_cejTeps0WN_2lA/deleteWebhook "HTTP/1.1 200 OK"
2025-02-10 08:21:36,596 - apscheduler.scheduler - INFO - Scheduler started
2025-02-10 08:21:36,598 - telegram.ext.Application - INFO - Application started
2025-02-10 08:21:47,252 - httpx - INFO - HTTP Request: POST https://api.telegram.org/bot7755128544:AAES3q1UQZaR83h1-m0H_cejTeps0WN_2lA/getUpdates "HTTP/1.1 200 OK"
2025-02-10 08:21:53,193 - httpx - INFO - HTTP Request: POST https://api.telegram.org/bot7755128544:AAES3q1UQZaR83h1-m0H_cejTeps0WN_2lA/getUpdates "HTTP/1.1 200 OK"
2025-02-10 08:21:54,308 - httpx - INFO - HTTP Request: POST https://api.telegram.org/bot7755128544:AAES3q1UQZaR83h1-m0H_cejTeps0WN_2lA/sendMessage "HTTP/1.1 200 OK"
2025-02-10 08:22:03,431 - httpx - INFO - HTTP Request: POST https://api.telegram.org/bot7755128544:AAES3q1UQZaR83h1-m0H_cejTeps0WN_2lA/getUpdates "HTTP/1.1 200 OK"
2025-02-10 08:22:13,670 - httpx - INFO - HTTP Request: POST https://api.telegram.org/bot7755128544:AAES3q1UQZaR83h1-m0H_cejTeps0WN_2lA/getUpdates "HTTP/1.1 200 OK"
2025-02-10 08:22:15,002 - httpx - INFO - HTTP Request: POST https://api.telegram.org/bot7755128544:AAES3q1UQZaR83h1-m0H_cejTeps0WN_2lA/getUpdates "HTTP/1.1 200 OK"
2025-02-10 08:22:16,232 - httpx - INFO - HTTP Request: POST https://api.telegram.org/bot7755128544:AAES3q1UQZaR83h1-m0H_cejTeps0WN_2lA/sendMessage "HTTP/1.1 200 OK"
2025-02-10 08:22:16,234 - __main__ - INFO - Starting screenshot capture for URL: https://docs.google.com/spreadsheets/d/10uYuKwMVvOM8Mq0lobyhp4vw3_ohw38SlpNwTLN-oWQ/pubhtml
2025-02-10 08:22:16,235 - __main__ - INFO - Chrome options configured: ['--headless', '--no-sandbox', '--disable-dev-shm-usage', '--window-size=1920,1080', '--disable-gpu', '--hide-scrollbars', '--disable-extensions', '--disable-infobars']
2025-02-10 08:22:16,236 - __main__ - ERROR - Error capturing screenshot: Message: Unable to obtain driver for chrome; For documentation on this error, please visit: https://www.selenium.dev/documentation/webdriver/troubleshooting/errors/driver_location
Traceback (most recent call last):
  File "C:\laragon\bin\python\python-3.10\lib\site-packages\selenium\webdriver\common\driver_finder.py", line 64, in _binary_paths
    raise ValueError(f"The path is not a valid file: {path}")
ValueError: The path is not a valid file: /usr/local/bin/chromedriver

The above exception was the direct cause of the following exception:

Traceback (most recent call last):
  File "C:\Users\LENOVO\AppData\Roaming\Microsoft\Windows\Start Menu\Programs\Telegram Desktop\bot\bot.py", line 72, in capture_screenshot
    driver = webdriver.Chrome(service=service, options=chrome_options)
  File "C:\laragon\bin\python\python-3.10\lib\site-packages\selenium\webdriver\chrome\webdriver.py", line 45, in __init__
    super().__init__(
  File "C:\laragon\bin\python\python-3.10\lib\site-packages\selenium\webdriver\chromium\webdriver.py", line 50, in __init__
    if finder.get_browser_path():
  File "C:\laragon\bin\python\python-3.10\lib\site-packages\selenium\webdriver\common\driver_finder.py", line 47, in get_browser_path
    return self._binary_paths()["browser_path"]
  File "C:\laragon\bin\python\python-3.10\lib\site-packages\selenium\webdriver\common\driver_finder.py", line 78, in _binary_paths
    raise NoSuchDriverException(msg) from err
selenium.common.exceptions.NoSuchDriverException: Message: Unable to obtain driver for chrome; For documentation on this error, please visit: https://www.selenium.dev/documentation/webdriver/troubleshooting/errors/driver_location

2025-02-10 08:22:16,822 - httpx - INFO - HTTP Request: POST https://api.telegram.org/bot7755128544:AAES3q1UQZaR83h1-m0H_cejTeps0WN_2lA/editMessageText "HTTP/1.1 200 OK"
2025-02-10 08:22:25,204 - httpx - INFO - HTTP Request: POST https://api.telegram.org/bot7755128544:AAES3q1UQZaR83h1-m0H_cejTeps0WN_2lA/getUpdates "HTTP/1.1 200 OK"
2025-02-10 08:22:35,402 - httpx - INFO - HTTP Request: POST https://api.telegram.org/bot7755128544:AAES3q1UQZaR83h1-m0H_cejTeps0WN_2lA/getUpdates "HTTP/1.1 200 OK"
2025-02-10 08:22:35,918 - httpx - INFO - HTTP Request: POST https://api.telegram.org/bot7755128544:AAES3q1UQZaR83h1-m0H_cejTeps0WN_2lA/getUpdates "HTTP/1.1 200 OK"
2025-02-10 08:22:36,747 - httpx - INFO - HTTP Request: POST https://api.telegram.org/bot7755128544:AAES3q1UQZaR83h1-m0H_cejTeps0WN_2lA/sendMessage "HTTP/1.1 200 OK"
2025-02-10 08:22:36,750 - __main__ - INFO - Starting screenshot capture for URL: https://docs.google.com/spreadsheets/d/10uYuKwMVvOM8Mq0lobyhp4vw3_ohw38SlpNwTLN-oWQ/pubhtml
2025-02-10 08:22:36,752 - __main__ - INFO - Chrome options configured: ['--headless', '--no-sandbox', '--disable-dev-shm-usage', '--window-size=1920,1080', '--disable-gpu', '--hide-scrollbars', '--disable-extensions', '--disable-infobars']
2025-02-10 08:22:36,754 - __main__ - ERROR - Error capturing screenshot: Message: Unable to obtain driver for chrome; For documentation on this error, please visit: https://www.selenium.dev/documentation/webdriver/troubleshooting/errors/driver_location
Traceback (most recent call last):
  File "C:\laragon\bin\python\python-3.10\lib\site-packages\selenium\webdriver\common\driver_finder.py", line 64, in _binary_paths
    raise ValueError(f"The path is not a valid file: {path}")
ValueError: The path is not a valid file: /usr/local/bin/chromedriver

The above exception was the direct cause of the following exception:

Traceback (most recent call last):
  File "C:\Users\LENOVO\AppData\Roaming\Microsoft\Windows\Start Menu\Programs\Telegram Desktop\bot\bot.py", line 72, in capture_screenshot
    driver = webdriver.Chrome(service=service, options=chrome_options)
  File "C:\laragon\bin\python\python-3.10\lib\site-packages\selenium\webdriver\chrome\webdriver.py", line 45, in __init__
    super().__init__(
  File "C:\laragon\bin\python\python-3.10\lib\site-packages\selenium\webdriver\chromium\webdriver.py", line 50, in __init__
    if finder.get_browser_path():
  File "C:\laragon\bin\python\python-3.10\lib\site-packages\selenium\webdriver\common\driver_finder.py", line 47, in get_browser_path
    return self._binary_paths()["browser_path"]
  File "C:\laragon\bin\python\python-3.10\lib\site-packages\selenium\webdriver\common\driver_finder.py", line 78, in _binary_paths
    raise NoSuchDriverException(msg) from err
selenium.common.exceptions.NoSuchDriverException: Message: Unable to obtain driver for chrome; For documentation on this error, please visit: https://www.selenium.dev/documentation/webdriver/troubleshooting/errors/driver_location

2025-02-10 08:22:37,224 - httpx - INFO - HTTP Request: POST https://api.telegram.org/bot7755128544:AAES3q1UQZaR83h1-m0H_cejTeps0WN_2lA/editMessageText "HTTP/1.1 200 OK"
2025-02-10 08:22:42,651 - httpx - INFO - HTTP Request: POST https://api.telegram.org/bot7755128544:AAES3q1UQZaR83h1-m0H_cejTeps0WN_2lA/getUpdates "HTTP/1.1 200 OK"
2025-02-10 08:22:42,653 - telegram.ext.Application - INFO - Application is stopping. This might take a moment.
2025-02-10 08:22:42,655 - apscheduler.scheduler - INFO - Scheduler has been shut down
2025-02-10 08:22:42,656 - telegram.ext.Application - INFO - Application.stop() complete
2025-02-10 08:22:53,199 - __main__ - INFO - Bot started successfully!
2025-02-10 08:22:54,120 - httpx - INFO - HTTP Request: POST https://api.telegram.org/bot7755128544:AAES3q1UQZaR83h1-m0H_cejTeps0WN_2lA/getMe "HTTP/1.1 200 OK"
2025-02-10 08:22:54,412 - httpx - INFO - HTTP Request: POST https://api.telegram.org/bot7755128544:AAES3q1UQZaR83h1-m0H_cejTeps0WN_2lA/deleteWebhook "HTTP/1.1 200 OK"
2025-02-10 08:22:54,414 - apscheduler.scheduler - INFO - Scheduler started
2025-02-10 08:22:54,414 - telegram.ext.Application - INFO - Application started
2025-02-10 08:23:05,382 - httpx - INFO - HTTP Request: POST https://api.telegram.org/bot7755128544:AAES3q1UQZaR83h1-m0H_cejTeps0WN_2lA/getUpdates "HTTP/1.1 200 OK"
2025-02-10 08:23:05,792 - httpx - INFO - HTTP Request: POST https://api.telegram.org/bot7755128544:AAES3q1UQZaR83h1-m0H_cejTeps0WN_2lA/getUpdates "HTTP/1.1 200 OK"
2025-02-10 08:23:06,870 - httpx - INFO - HTTP Request: POST https://api.telegram.org/bot7755128544:AAES3q1UQZaR83h1-m0H_cejTeps0WN_2lA/sendMessage "HTTP/1.1 200 OK"
2025-02-10 08:23:06,872 - __main__ - INFO - Starting screenshot capture for URL: https://docs.google.com/spreadsheets/d/10uYuKwMVvOM8Mq0lobyhp4vw3_ohw38SlpNwTLN-oWQ/pubhtml
2025-02-10 08:23:06,872 - __main__ - INFO - Chrome options configured: ['--headless', '--no-sandbox', '--disable-dev-shm-usage', '--window-size=1920,1080', '--disable-gpu', '--hide-scrollbars', '--disable-extensions', '--disable-infobars']
2025-02-10 08:23:06,874 - __main__ - ERROR - Error capturing screenshot: Message: Unable to obtain driver for chrome; For documentation on this error, please visit: https://www.selenium.dev/documentation/webdriver/troubleshooting/errors/driver_location
Traceback (most recent call last):
  File "C:\laragon\bin\python\python-3.10\lib\site-packages\selenium\webdriver\common\driver_finder.py", line 64, in _binary_paths
    raise ValueError(f"The path is not a valid file: {path}")
ValueError: The path is not a valid file: /usr/local/bin/chromedriver

The above exception was the direct cause of the following exception:

Traceback (most recent call last):
  File "C:\Users\LENOVO\AppData\Roaming\Microsoft\Windows\Start Menu\Programs\Telegram Desktop\bot\bot.py", line 72, in capture_screenshot
    driver = webdriver.Chrome(service=service, options=chrome_options)
  File "C:\laragon\bin\python\python-3.10\lib\site-packages\selenium\webdriver\chrome\webdriver.py", line 45, in __init__
    super().__init__(
  File "C:\laragon\bin\python\python-3.10\lib\site-packages\selenium\webdriver\chromium\webdriver.py", line 50, in __init__
    if finder.get_browser_path():
  File "C:\laragon\bin\python\python-3.10\lib\site-packages\selenium\webdriver\common\driver_finder.py", line 47, in get_browser_path
    return self._binary_paths()["browser_path"]
  File "C:\laragon\bin\python\python-3.10\lib\site-packages\selenium\webdriver\common\driver_finder.py", line 78, in _binary_paths
    raise NoSuchDriverException(msg) from err
selenium.common.exceptions.NoSuchDriverException: Message: Unable to obtain driver for chrome; For documentation on this error, please visit: https://www.selenium.dev/documentation/webdriver/troubleshooting/errors/driver_location

2025-02-10 08:23:07,432 - httpx - INFO - HTTP Request: POST https://api.telegram.org/bot7755128544:AAES3q1UQZaR83h1-m0H_cejTeps0WN_2lA/editMessageText "HTTP/1.1 200 OK"
2025-02-10 08:23:16,134 - httpx - INFO - HTTP Request: POST https://api.telegram.org/bot7755128544:AAES3q1UQZaR83h1-m0H_cejTeps0WN_2lA/getUpdates "HTTP/1.1 200 OK"
2025-02-10 08:23:26,366 - httpx - INFO - HTTP Request: POST https://api.telegram.org/bot7755128544:AAES3q1UQZaR83h1-m0H_cejTeps0WN_2lA/getUpdates "HTTP/1.1 200 OK"
2025-02-10 08:23:36,614 - httpx - INFO - HTTP Request: POST https://api.telegram.org/bot7755128544:AAES3q1UQZaR83h1-m0H_cejTeps0WN_2lA/getUpdates "HTTP/1.1 200 OK"
2025-02-10 08:23:46,854 - httpx - INFO - HTTP Request: POST https://api.telegram.org/bot7755128544:AAES3q1UQZaR83h1-m0H_cejTeps0WN_2lA/getUpdates "HTTP/1.1 200 OK"
2025-02-10 08:23:57,086 - httpx - INFO - HTTP Request: POST https://api.telegram.org/bot7755128544:AAES3q1UQZaR83h1-m0H_cejTeps0WN_2lA/getUpdates "HTTP/1.1 200 OK"
2025-02-10 08:24:07,297 - httpx - INFO - HTTP Request: POST https://api.telegram.org/bot7755128544:AAES3q1UQZaR83h1-m0H_cejTeps0WN_2lA/getUpdates "HTTP/1.1 200 OK"
2025-02-10 08:24:17,574 - httpx - INFO - HTTP Request: POST https://api.telegram.org/bot7755128544:AAES3q1UQZaR83h1-m0H_cejTeps0WN_2lA/getUpdates "HTTP/1.1 200 OK"
2025-02-10 08:24:27,819 - httpx - INFO - HTTP Request: POST https://api.telegram.org/bot7755128544:AAES3q1UQZaR83h1-m0H_cejTeps0WN_2lA/getUpdates "HTTP/1.1 200 OK"
2025-02-10 08:24:38,155 - httpx - INFO - HTTP Request: POST https://api.telegram.org/bot7755128544:AAES3q1UQZaR83h1-m0H_cejTeps0WN_2lA/getUpdates "HTTP/1.1 200 OK"
2025-02-10 08:24:48,382 - httpx - INFO - HTTP Request: POST https://api.telegram.org/bot7755128544:AAES3q1UQZaR83h1-m0H_cejTeps0WN_2lA/getUpdates "HTTP/1.1 200 OK"
2025-02-10 08:24:58,639 - httpx - INFO - HTTP Request: POST https://api.telegram.org/bot7755128544:AAES3q1UQZaR83h1-m0H_cejTeps0WN_2lA/getUpdates "HTTP/1.1 200 OK"
2025-02-10 08:25:08,888 - httpx - INFO - HTTP Request: POST https://api.telegram.org/bot7755128544:AAES3q1UQZaR83h1-m0H_cejTeps0WN_2lA/getUpdates "HTTP/1.1 200 OK"
2025-02-10 08:25:19,116 - httpx - INFO - HTTP Request: POST https://api.telegram.org/bot7755128544:AAES3q1UQZaR83h1-m0H_cejTeps0WN_2lA/getUpdates "HTTP/1.1 200 OK"
2025-02-10 08:25:22,908 - httpx - INFO - HTTP Request: POST https://api.telegram.org/bot7755128544:AAES3q1UQZaR83h1-m0H_cejTeps0WN_2lA/getUpdates "HTTP/1.1 200 OK"
2025-02-10 08:25:22,910 - telegram.ext.Application - INFO - Application is stopping. This might take a moment.
2025-02-10 08:25:22,912 - apscheduler.scheduler - INFO - Scheduler has been shut down
2025-02-10 08:25:22,913 - telegram.ext.Application - INFO - Application.stop() complete
2025-02-10 08:26:21,171 - __main__ - INFO - Bot started successfully!
2025-02-10 08:26:21,920 - httpx - INFO - HTTP Request: POST https://api.telegram.org/bot7755128544:AAES3q1UQZaR83h1-m0H_cejTeps0WN_2lA/getMe "HTTP/1.1 200 OK"
2025-02-10 08:26:22,194 - httpx - INFO - HTTP Request: POST https://api.telegram.org/bot7755128544:AAES3q1UQZaR83h1-m0H_cejTeps0WN_2lA/deleteWebhook "HTTP/1.1 200 OK"
2025-02-10 08:26:22,198 - apscheduler.scheduler - INFO - Scheduler started
2025-02-10 08:26:22,199 - telegram.ext.Application - INFO - Application started
2025-02-10 08:26:30,181 - httpx - INFO - HTTP Request: POST https://api.telegram.org/bot7755128544:AAES3q1UQZaR83h1-m0H_cejTeps0WN_2lA/getUpdates "HTTP/1.1 200 OK"
2025-02-10 08:26:34,174 - httpx - INFO - HTTP Request: POST https://api.telegram.org/bot7755128544:AAES3q1UQZaR83h1-m0H_cejTeps0WN_2lA/getUpdates "HTTP/1.1 200 OK"
2025-02-10 08:26:35,241 - httpx - INFO - HTTP Request: POST https://api.telegram.org/bot7755128544:AAES3q1UQZaR83h1-m0H_cejTeps0WN_2lA/sendMessage "HTTP/1.1 200 OK"
2025-02-10 08:26:44,393 - httpx - INFO - HTTP Request: POST https://api.telegram.org/bot7755128544:AAES3q1UQZaR83h1-m0H_cejTeps0WN_2lA/getUpdates "HTTP/1.1 200 OK"
2025-02-10 08:26:49,534 - httpx - INFO - HTTP Request: POST https://api.telegram.org/bot7755128544:AAES3q1UQZaR83h1-m0H_cejTeps0WN_2lA/getUpdates "HTTP/1.1 200 OK"
2025-02-10 08:26:50,662 - httpx - INFO - HTTP Request: POST https://api.telegram.org/bot7755128544:AAES3q1UQZaR83h1-m0H_cejTeps0WN_2lA/sendMessage "HTTP/1.1 200 OK"
2025-02-10 08:26:50,666 - __main__ - INFO - Starting screenshot capture for URL: https://docs.google.com/spreadsheets/d/10uYuKwMVvOM8Mq0lobyhp4vw3_ohw38SlpNwTLN-oWQ/pubhtml
2025-02-10 08:26:50,668 - __main__ - INFO - Chrome options configured: ['--headless', '--no-sandbox', '--disable-dev-shm-usage', '--window-size=1920,1080', '--disable-gpu', '--hide-scrollbars', '--disable-extensions', '--disable-infobars']
2025-02-10 08:26:50,672 - __main__ - ERROR - Error capturing screenshot: Message: Unable to obtain driver for chrome; For documentation on this error, please visit: https://www.selenium.dev/documentation/webdriver/troubleshooting/errors/driver_location
Traceback (most recent call last):
  File "C:\laragon\bin\python\python-3.10\lib\site-packages\selenium\webdriver\common\driver_finder.py", line 64, in _binary_paths
    raise ValueError(f"The path is not a valid file: {path}")
ValueError: The path is not a valid file: /usr/local/bin/chromedriver

The above exception was the direct cause of the following exception:

Traceback (most recent call last):
  File "C:\Users\LENOVO\AppData\Roaming\Microsoft\Windows\Start Menu\Programs\Telegram Desktop\bot\bot.py", line 72, in capture_screenshot
    driver = webdriver.Chrome(service=service, options=chrome_options)
  File "C:\laragon\bin\python\python-3.10\lib\site-packages\selenium\webdriver\chrome\webdriver.py", line 45, in __init__
    super().__init__(
  File "C:\laragon\bin\python\python-3.10\lib\site-packages\selenium\webdriver\chromium\webdriver.py", line 50, in __init__
    if finder.get_browser_path():
  File "C:\laragon\bin\python\python-3.10\lib\site-packages\selenium\webdriver\common\driver_finder.py", line 47, in get_browser_path
    return self._binary_paths()["browser_path"]
  File "C:\laragon\bin\python\python-3.10\lib\site-packages\selenium\webdriver\common\driver_finder.py", line 78, in _binary_paths
    raise NoSuchDriverException(msg) from err
selenium.common.exceptions.NoSuchDriverException: Message: Unable to obtain driver for chrome; For documentation on this error, please visit: https://www.selenium.dev/documentation/webdriver/troubleshooting/errors/driver_location

2025-02-10 08:26:51,378 - httpx - INFO - HTTP Request: POST https://api.telegram.org/bot7755128544:AAES3q1UQZaR83h1-m0H_cejTeps0WN_2lA/editMessageText "HTTP/1.1 200 OK"
2025-02-10 08:26:59,877 - httpx - INFO - HTTP Request: POST https://api.telegram.org/bot7755128544:AAES3q1UQZaR83h1-m0H_cejTeps0WN_2lA/getUpdates "HTTP/1.1 200 OK"
2025-02-10 08:27:10,118 - httpx - INFO - HTTP Request: POST https://api.telegram.org/bot7755128544:AAES3q1UQZaR83h1-m0H_cejTeps0WN_2lA/getUpdates "HTTP/1.1 200 OK"
2025-02-10 08:27:20,459 - httpx - INFO - HTTP Request: POST https://api.telegram.org/bot7755128544:AAES3q1UQZaR83h1-m0H_cejTeps0WN_2lA/getUpdates "HTTP/1.1 200 OK"
2025-02-10 08:27:30,805 - httpx - INFO - HTTP Request: POST https://api.telegram.org/bot7755128544:AAES3q1UQZaR83h1-m0H_cejTeps0WN_2lA/getUpdates "HTTP/1.1 200 OK"
2025-02-10 08:27:41,048 - httpx - INFO - HTTP Request: POST https://api.telegram.org/bot7755128544:AAES3q1UQZaR83h1-m0H_cejTeps0WN_2lA/getUpdates "HTTP/1.1 200 OK"
2025-02-10 08:27:51,384 - httpx - INFO - HTTP Request: POST https://api.telegram.org/bot7755128544:AAES3q1UQZaR83h1-m0H_cejTeps0WN_2lA/getUpdates "HTTP/1.1 200 OK"
2025-02-10 08:28:01,643 - httpx - INFO - HTTP Request: POST https://api.telegram.org/bot7755128544:AAES3q1UQZaR83h1-m0H_cejTeps0WN_2lA/getUpdates "HTTP/1.1 200 OK"
2025-02-10 08:28:11,966 - httpx - INFO - HTTP Request: POST https://api.telegram.org/bot7755128544:AAES3q1UQZaR83h1-m0H_cejTeps0WN_2lA/getUpdates "HTTP/1.1 200 OK"
2025-02-10 08:28:22,221 - httpx - INFO - HTTP Request: POST https://api.telegram.org/bot7755128544:AAES3q1UQZaR83h1-m0H_cejTeps0WN_2lA/getUpdates "HTTP/1.1 200 OK"
2025-02-10 08:28:32,445 - httpx - INFO - HTTP Request: POST https://api.telegram.org/bot7755128544:AAES3q1UQZaR83h1-m0H_cejTeps0WN_2lA/getUpdates "HTTP/1.1 200 OK"
2025-02-10 08:28:42,686 - httpx - INFO - HTTP Request: POST https://api.telegram.org/bot7755128544:AAES3q1UQZaR83h1-m0H_cejTeps0WN_2lA/getUpdates "HTTP/1.1 200 OK"
2025-02-10 08:28:53,027 - httpx - INFO - HTTP Request: POST https://api.telegram.org/bot7755128544:AAES3q1UQZaR83h1-m0H_cejTeps0WN_2lA/getUpdates "HTTP/1.1 200 OK"
2025-02-10 08:29:03,270 - httpx - INFO - HTTP Request: POST https://api.telegram.org/bot7755128544:AAES3q1UQZaR83h1-m0H_cejTeps0WN_2lA/getUpdates "HTTP/1.1 200 OK"
2025-02-10 08:29:13,610 - httpx - INFO - HTTP Request: POST https://api.telegram.org/bot7755128544:AAES3q1UQZaR83h1-m0H_cejTeps0WN_2lA/getUpdates "HTTP/1.1 200 OK"
2025-02-10 08:29:23,850 - httpx - INFO - HTTP Request: POST https://api.telegram.org/bot7755128544:AAES3q1UQZaR83h1-m0H_cejTeps0WN_2lA/getUpdates "HTTP/1.1 200 OK"
2025-02-10 08:29:34,089 - httpx - INFO - HTTP Request: POST https://api.telegram.org/bot7755128544:AAES3q1UQZaR83h1-m0H_cejTeps0WN_2lA/getUpdates "HTTP/1.1 200 OK"
2025-02-10 08:29:44,324 - httpx - INFO - HTTP Request: POST https://api.telegram.org/bot7755128544:AAES3q1UQZaR83h1-m0H_cejTeps0WN_2lA/getUpdates "HTTP/1.1 200 OK"
2025-02-10 08:29:54,672 - httpx - INFO - HTTP Request: POST https://api.telegram.org/bot7755128544:AAES3q1UQZaR83h1-m0H_cejTeps0WN_2lA/getUpdates "HTTP/1.1 200 OK"
2025-02-10 08:30:04,912 - httpx - INFO - HTTP Request: POST https://api.telegram.org/bot7755128544:AAES3q1UQZaR83h1-m0H_cejTeps0WN_2lA/getUpdates "HTTP/1.1 200 OK"
2025-02-10 08:30:15,153 - httpx - INFO - HTTP Request: POST https://api.telegram.org/bot7755128544:AAES3q1UQZaR83h1-m0H_cejTeps0WN_2lA/getUpdates "HTTP/1.1 200 OK"
2025-02-10 08:30:25,496 - httpx - INFO - HTTP Request: POST https://api.telegram.org/bot7755128544:AAES3q1UQZaR83h1-m0H_cejTeps0WN_2lA/getUpdates "HTTP/1.1 200 OK"
2025-02-10 08:30:35,756 - httpx - INFO - HTTP Request: POST https://api.telegram.org/bot7755128544:AAES3q1UQZaR83h1-m0H_cejTeps0WN_2lA/getUpdates "HTTP/1.1 200 OK"
2025-02-10 08:30:46,079 - httpx - INFO - HTTP Request: POST https://api.telegram.org/bot7755128544:AAES3q1UQZaR83h1-m0H_cejTeps0WN_2lA/getUpdates "HTTP/1.1 200 OK"
2025-02-10 08:30:56,420 - httpx - INFO - HTTP Request: POST https://api.telegram.org/bot7755128544:AAES3q1UQZaR83h1-m0H_cejTeps0WN_2lA/getUpdates "HTTP/1.1 200 OK"
2025-02-10 08:31:06,677 - httpx - INFO - HTTP Request: POST https://api.telegram.org/bot7755128544:AAES3q1UQZaR83h1-m0H_cejTeps0WN_2lA/getUpdates "HTTP/1.1 200 OK"
2025-02-10 08:31:16,912 - httpx - INFO - HTTP Request: POST https://api.telegram.org/bot7755128544:AAES3q1UQZaR83h1-m0H_cejTeps0WN_2lA/getUpdates "HTTP/1.1 200 OK"
2025-02-10 08:31:27,242 - httpx - INFO - HTTP Request: POST https://api.telegram.org/bot7755128544:AAES3q1UQZaR83h1-m0H_cejTeps0WN_2lA/getUpdates "HTTP/1.1 200 OK"
2025-02-10 08:31:37,478 - httpx - INFO - HTTP Request: POST https://api.telegram.org/bot7755128544:AAES3q1UQZaR83h1-m0H_cejTeps0WN_2lA/getUpdates "HTTP/1.1 200 OK"
2025-02-10 08:31:47,823 - httpx - INFO - HTTP Request: POST https://api.telegram.org/bot7755128544:AAES3q1UQZaR83h1-m0H_cejTeps0WN_2lA/getUpdates "HTTP/1.1 200 OK"
2025-02-10 08:31:58,070 - httpx - INFO - HTTP Request: POST https://api.telegram.org/bot7755128544:AAES3q1UQZaR83h1-m0H_cejTeps0WN_2lA/getUpdates "HTTP/1.1 200 OK"
2025-02-10 08:32:08,405 - httpx - INFO - HTTP Request: POST https://api.telegram.org/bot7755128544:AAES3q1UQZaR83h1-m0H_cejTeps0WN_2lA/getUpdates "HTTP/1.1 200 OK"
2025-02-10 08:32:18,648 - httpx - INFO - HTTP Request: POST https://api.telegram.org/bot7755128544:AAES3q1UQZaR83h1-m0H_cejTeps0WN_2lA/getUpdates "HTTP/1.1 200 OK"
2025-02-10 08:32:28,905 - httpx - INFO - HTTP Request: POST https://api.telegram.org/bot7755128544:AAES3q1UQZaR83h1-m0H_cejTeps0WN_2lA/getUpdates "HTTP/1.1 200 OK"
2025-02-10 08:32:39,230 - httpx - INFO - HTTP Request: POST https://api.telegram.org/bot7755128544:AAES3q1UQZaR83h1-m0H_cejTeps0WN_2lA/getUpdates "HTTP/1.1 200 OK"
2025-02-10 08:32:49,569 - httpx - INFO - HTTP Request: POST https://api.telegram.org/bot7755128544:AAES3q1UQZaR83h1-m0H_cejTeps0WN_2lA/getUpdates "HTTP/1.1 200 OK"
2025-02-10 08:32:59,827 - httpx - INFO - HTTP Request: POST https://api.telegram.org/bot7755128544:AAES3q1UQZaR83h1-m0H_cejTeps0WN_2lA/getUpdates "HTTP/1.1 200 OK"
2025-02-10 08:33:10,076 - httpx - INFO - HTTP Request: POST https://api.telegram.org/bot7755128544:AAES3q1UQZaR83h1-m0H_cejTeps0WN_2lA/getUpdates "HTTP/1.1 200 OK"
2025-02-10 08:33:20,392 - httpx - INFO - HTTP Request: POST https://api.telegram.org/bot7755128544:AAES3q1UQZaR83h1-m0H_cejTeps0WN_2lA/getUpdates "HTTP/1.1 200 OK"
2025-02-10 08:33:30,734 - httpx - INFO - HTTP Request: POST https://api.telegram.org/bot7755128544:AAES3q1UQZaR83h1-m0H_cejTeps0WN_2lA/getUpdates "HTTP/1.1 200 OK"
2025-02-10 08:33:41,076 - httpx - INFO - HTTP Request: POST https://api.telegram.org/bot7755128544:AAES3q1UQZaR83h1-m0H_cejTeps0WN_2lA/getUpdates "HTTP/1.1 200 OK"
2025-02-10 08:33:51,322 - httpx - INFO - HTTP Request: POST https://api.telegram.org/bot7755128544:AAES3q1UQZaR83h1-m0H_cejTeps0WN_2lA/getUpdates "HTTP/1.1 200 OK"
2025-02-10 08:34:01,567 - httpx - INFO - HTTP Request: POST https://api.telegram.org/bot7755128544:AAES3q1UQZaR83h1-m0H_cejTeps0WN_2lA/getUpdates "HTTP/1.1 200 OK"
2025-02-10 08:34:11,899 - httpx - INFO - HTTP Request: POST https://api.telegram.org/bot7755128544:AAES3q1UQZaR83h1-m0H_cejTeps0WN_2lA/getUpdates "HTTP/1.1 200 OK"
2025-02-10 08:34:22,140 - httpx - INFO - HTTP Request: POST https://api.telegram.org/bot7755128544:AAES3q1UQZaR83h1-m0H_cejTeps0WN_2lA/getUpdates "HTTP/1.1 200 OK"
2025-02-10 08:34:32,378 - httpx - INFO - HTTP Request: POST https://api.telegram.org/bot7755128544:AAES3q1UQZaR83h1-m0H_cejTeps0WN_2lA/getUpdates "HTTP/1.1 200 OK"
2025-02-10 08:34:42,637 - httpx - INFO - HTTP Request: POST https://api.telegram.org/bot7755128544:AAES3q1UQZaR83h1-m0H_cejTeps0WN_2lA/getUpdates "HTTP/1.1 200 OK"
2025-02-10 08:34:52,858 - httpx - INFO - HTTP Request: POST https://api.telegram.org/bot7755128544:AAES3q1UQZaR83h1-m0H_cejTeps0WN_2lA/getUpdates "HTTP/1.1 200 OK"
2025-02-10 08:35:03,114 - httpx - INFO - HTTP Request: POST https://api.telegram.org/bot7755128544:AAES3q1UQZaR83h1-m0H_cejTeps0WN_2lA/getUpdates "HTTP/1.1 200 OK"
2025-02-10 08:35:13,445 - httpx - INFO - HTTP Request: POST https://api.telegram.org/bot7755128544:AAES3q1UQZaR83h1-m0H_cejTeps0WN_2lA/getUpdates "HTTP/1.1 200 OK"
2025-02-10 08:35:23,712 - httpx - INFO - HTTP Request: POST https://api.telegram.org/bot7755128544:AAES3q1UQZaR83h1-m0H_cejTeps0WN_2lA/getUpdates "HTTP/1.1 200 OK"
2025-02-10 08:35:34,023 - httpx - INFO - HTTP Request: POST https://api.telegram.org/bot7755128544:AAES3q1UQZaR83h1-m0H_cejTeps0WN_2lA/getUpdates "HTTP/1.1 200 OK"
2025-02-10 08:35:44,255 - httpx - INFO - HTTP Request: POST https://api.telegram.org/bot7755128544:AAES3q1UQZaR83h1-m0H_cejTeps0WN_2lA/getUpdates "HTTP/1.1 200 OK"
2025-02-10 08:35:54,502 - httpx - INFO - HTTP Request: POST https://api.telegram.org/bot7755128544:AAES3q1UQZaR83h1-m0H_cejTeps0WN_2lA/getUpdates "HTTP/1.1 200 OK"
2025-02-10 08:36:04,845 - httpx - INFO - HTTP Request: POST https://api.telegram.org/bot7755128544:AAES3q1UQZaR83h1-m0H_cejTeps0WN_2lA/getUpdates "HTTP/1.1 200 OK"
2025-02-10 08:36:15,085 - httpx - INFO - HTTP Request: POST https://api.telegram.org/bot7755128544:AAES3q1UQZaR83h1-m0H_cejTeps0WN_2lA/getUpdates "HTTP/1.1 200 OK"
2025-02-10 08:36:25,342 - httpx - INFO - HTTP Request: POST https://api.telegram.org/bot7755128544:AAES3q1UQZaR83h1-m0H_cejTeps0WN_2lA/getUpdates "HTTP/1.1 200 OK"
2025-02-10 08:36:35,669 - httpx - INFO - HTTP Request: POST https://api.telegram.org/bot7755128544:AAES3q1UQZaR83h1-m0H_cejTeps0WN_2lA/getUpdates "HTTP/1.1 200 OK"
2025-02-10 08:36:45,931 - httpx - INFO - HTTP Request: POST https://api.telegram.org/bot7755128544:AAES3q1UQZaR83h1-m0H_cejTeps0WN_2lA/getUpdates "HTTP/1.1 200 OK"
2025-02-10 08:36:56,248 - httpx - INFO - HTTP Request: POST https://api.telegram.org/bot7755128544:AAES3q1UQZaR83h1-m0H_cejTeps0WN_2lA/getUpdates "HTTP/1.1 200 OK"
2025-02-10 08:37:06,504 - httpx - INFO - HTTP Request: POST https://api.telegram.org/bot7755128544:AAES3q1UQZaR83h1-m0H_cejTeps0WN_2lA/getUpdates "HTTP/1.1 200 OK"
2025-02-10 08:37:16,837 - httpx - INFO - HTTP Request: POST https://api.telegram.org/bot7755128544:AAES3q1UQZaR83h1-m0H_cejTeps0WN_2lA/getUpdates "HTTP/1.1 200 OK"
2025-02-10 08:37:27,106 - httpx - INFO - HTTP Request: POST https://api.telegram.org/bot7755128544:AAES3q1UQZaR83h1-m0H_cejTeps0WN_2lA/getUpdates "HTTP/1.1 200 OK"
2025-02-10 08:37:37,353 - httpx - INFO - HTTP Request: POST https://api.telegram.org/bot7755128544:AAES3q1UQZaR83h1-m0H_cejTeps0WN_2lA/getUpdates "HTTP/1.1 200 OK"
2025-02-10 08:37:47,653 - httpx - INFO - HTTP Request: POST https://api.telegram.org/bot7755128544:AAES3q1UQZaR83h1-m0H_cejTeps0WN_2lA/getUpdates "HTTP/1.1 200 OK"
2025-02-10 08:37:57,999 - httpx - INFO - HTTP Request: POST https://api.telegram.org/bot7755128544:AAES3q1UQZaR83h1-m0H_cejTeps0WN_2lA/getUpdates "HTTP/1.1 200 OK"
2025-02-10 08:38:08,257 - httpx - INFO - HTTP Request: POST https://api.telegram.org/bot7755128544:AAES3q1UQZaR83h1-m0H_cejTeps0WN_2lA/getUpdates "HTTP/1.1 200 OK"
2025-02-10 08:38:18,579 - httpx - INFO - HTTP Request: POST https://api.telegram.org/bot7755128544:AAES3q1UQZaR83h1-m0H_cejTeps0WN_2lA/getUpdates "HTTP/1.1 200 OK"
2025-02-10 08:38:28,818 - httpx - INFO - HTTP Request: POST https://api.telegram.org/bot7755128544:AAES3q1UQZaR83h1-m0H_cejTeps0WN_2lA/getUpdates "HTTP/1.1 200 OK"
2025-02-10 08:38:39,066 - httpx - INFO - HTTP Request: POST https://api.telegram.org/bot7755128544:AAES3q1UQZaR83h1-m0H_cejTeps0WN_2lA/getUpdates "HTTP/1.1 200 OK"
2025-02-10 08:38:49,402 - httpx - INFO - HTTP Request: POST https://api.telegram.org/bot7755128544:AAES3q1UQZaR83h1-m0H_cejTeps0WN_2lA/getUpdates "HTTP/1.1 200 OK"
2025-02-10 08:38:59,746 - httpx - INFO - HTTP Request: POST https://api.telegram.org/bot7755128544:AAES3q1UQZaR83h1-m0H_cejTeps0WN_2lA/getUpdates "HTTP/1.1 200 OK"
2025-02-10 08:39:10,032 - httpx - INFO - HTTP Request: POST https://api.telegram.org/bot7755128544:AAES3q1UQZaR83h1-m0H_cejTeps0WN_2lA/getUpdates "HTTP/1.1 200 OK"
2025-02-10 08:39:20,326 - httpx - INFO - HTTP Request: POST https://api.telegram.org/bot7755128544:AAES3q1UQZaR83h1-m0H_cejTeps0WN_2lA/getUpdates "HTTP/1.1 200 OK"
2025-02-10 08:39:30,611 - httpx - INFO - HTTP Request: POST https://api.telegram.org/bot7755128544:AAES3q1UQZaR83h1-m0H_cejTeps0WN_2lA/getUpdates "HTTP/1.1 200 OK"
2025-02-10 08:39:40,907 - httpx - INFO - HTTP Request: POST https://api.telegram.org/bot7755128544:AAES3q1UQZaR83h1-m0H_cejTeps0WN_2lA/getUpdates "HTTP/1.1 200 OK"
2025-02-10 08:39:51,147 - httpx - INFO - HTTP Request: POST https://api.telegram.org/bot7755128544:AAES3q1UQZaR83h1-m0H_cejTeps0WN_2lA/getUpdates "HTTP/1.1 200 OK"
2025-02-10 08:40:01,387 - httpx - INFO - HTTP Request: POST https://api.telegram.org/bot7755128544:AAES3q1UQZaR83h1-m0H_cejTeps0WN_2lA/getUpdates "HTTP/1.1 200 OK"
2025-02-10 08:40:09,241 - httpx - INFO - HTTP Request: POST https://api.telegram.org/bot7755128544:AAES3q1UQZaR83h1-m0H_cejTeps0WN_2lA/getUpdates "HTTP/1.1 200 OK"
2025-02-10 08:40:09,245 - telegram.ext.Application - INFO - Application is stopping. This might take a moment.
2025-02-10 08:40:09,247 - apscheduler.scheduler - INFO - Scheduler has been shut down
2025-02-10 08:40:09,249 - telegram.ext.Application - INFO - Application.stop() complete
2025-02-10 08:40:13,038 - __main__ - INFO - Bot started successfully!
2025-02-10 08:40:13,882 - httpx - INFO - HTTP Request: POST https://api.telegram.org/bot7755128544:AAES3q1UQZaR83h1-m0H_cejTeps0WN_2lA/getMe "HTTP/1.1 200 OK"
2025-02-10 08:40:14,190 - httpx - INFO - HTTP Request: POST https://api.telegram.org/bot7755128544:AAES3q1UQZaR83h1-m0H_cejTeps0WN_2lA/deleteWebhook "HTTP/1.1 200 OK"
2025-02-10 08:40:14,196 - apscheduler.scheduler - INFO - Scheduler started
2025-02-10 08:40:14,199 - telegram.ext.Application - INFO - Application started
2025-02-10 08:40:25,043 - httpx - INFO - HTTP Request: POST https://api.telegram.org/bot7755128544:AAES3q1UQZaR83h1-m0H_cejTeps0WN_2lA/getUpdates "HTTP/1.1 200 OK"
2025-02-10 08:40:35,384 - httpx - INFO - HTTP Request: POST https://api.telegram.org/bot7755128544:AAES3q1UQZaR83h1-m0H_cejTeps0WN_2lA/getUpdates "HTTP/1.1 200 OK"
2025-02-10 08:40:46,017 - httpx - INFO - HTTP Request: POST https://api.telegram.org/bot7755128544:AAES3q1UQZaR83h1-m0H_cejTeps0WN_2lA/getUpdates "HTTP/1.1 200 OK"
2025-02-10 08:40:46,019 - telegram.ext.Application - INFO - Application is stopping. This might take a moment.
2025-02-10 08:40:46,019 - apscheduler.scheduler - INFO - Scheduler has been shut down
2025-02-10 08:40:46,020 - telegram.ext.Application - INFO - Application.stop() complete
2025-02-10 08:40:49,440 - __main__ - INFO - Bot started successfully!
2025-02-10 08:40:50,085 - httpx - INFO - HTTP Request: POST https://api.telegram.org/bot7755128544:AAES3q1UQZaR83h1-m0H_cejTeps0WN_2lA/getMe "HTTP/1.1 200 OK"
2025-02-10 08:40:50,285 - httpx - INFO - HTTP Request: POST https://api.telegram.org/bot7755128544:AAES3q1UQZaR83h1-m0H_cejTeps0WN_2lA/deleteWebhook "HTTP/1.1 200 OK"
2025-02-10 08:40:50,288 - apscheduler.scheduler - INFO - Scheduler started
2025-02-10 08:40:50,288 - telegram.ext.Application - INFO - Application started
2025-02-10 08:41:00,922 - httpx - INFO - HTTP Request: POST https://api.telegram.org/bot7755128544:AAES3q1UQZaR83h1-m0H_cejTeps0WN_2lA/getUpdates "HTTP/1.1 200 OK"
2025-02-10 08:41:01,511 - httpx - INFO - HTTP Request: POST https://api.telegram.org/bot7755128544:AAES3q1UQZaR83h1-m0H_cejTeps0WN_2lA/getUpdates "HTTP/1.1 200 OK"
2025-02-10 08:41:02,303 - httpx - INFO - HTTP Request: POST https://api.telegram.org/bot7755128544:AAES3q1UQZaR83h1-m0H_cejTeps0WN_2lA/sendMessage "HTTP/1.1 200 OK"
2025-02-10 08:41:02,305 - __main__ - INFO - Starting screenshot capture for URL: https://docs.google.com/spreadsheets/d/10uYuKwMVvOM8Mq0lobyhp4vw3_ohw38SlpNwTLN-oWQ/pubhtml
2025-02-10 08:41:02,306 - __main__ - INFO - Chrome options configured: ['--headless', '--no-sandbox', '--disable-dev-shm-usage', '--window-size=1920,1080', '--disable-gpu', '--hide-scrollbars', '--disable-extensions', '--disable-infobars']
2025-02-10 08:41:02,307 - __main__ - ERROR - Error capturing screenshot: Message: Unable to obtain driver for chrome; For documentation on this error, please visit: https://www.selenium.dev/documentation/webdriver/troubleshooting/errors/driver_location
Traceback (most recent call last):
  File "C:\laragon\bin\python\python-3.10\lib\site-packages\selenium\webdriver\common\driver_finder.py", line 64, in _binary_paths
    raise ValueError(f"The path is not a valid file: {path}")
ValueError: The path is not a valid file: /usr/local/bin/chromedriver

The above exception was the direct cause of the following exception:

Traceback (most recent call last):
  File "C:\Users\LENOVO\AppData\Roaming\Microsoft\Windows\Start Menu\Programs\Telegram Desktop\bot\bot.py", line 72, in capture_screenshot
    driver = webdriver.Chrome(service=service, options=chrome_options)
  File "C:\laragon\bin\python\python-3.10\lib\site-packages\selenium\webdriver\chrome\webdriver.py", line 45, in __init__
    super().__init__(
  File "C:\laragon\bin\python\python-3.10\lib\site-packages\selenium\webdriver\chromium\webdriver.py", line 50, in __init__
    if finder.get_browser_path():
  File "C:\laragon\bin\python\python-3.10\lib\site-packages\selenium\webdriver\common\driver_finder.py", line 47, in get_browser_path
    return self._binary_paths()["browser_path"]
  File "C:\laragon\bin\python\python-3.10\lib\site-packages\selenium\webdriver\common\driver_finder.py", line 78, in _binary_paths
    raise NoSuchDriverException(msg) from err
selenium.common.exceptions.NoSuchDriverException: Message: Unable to obtain driver for chrome; For documentation on this error, please visit: https://www.selenium.dev/documentation/webdriver/troubleshooting/errors/driver_location

2025-02-10 08:41:02,692 - httpx - INFO - HTTP Request: POST https://api.telegram.org/bot7755128544:AAES3q1UQZaR83h1-m0H_cejTeps0WN_2lA/editMessageText "HTTP/1.1 200 OK"
2025-02-10 08:41:11,738 - httpx - INFO - HTTP Request: POST https://api.telegram.org/bot7755128544:AAES3q1UQZaR83h1-m0H_cejTeps0WN_2lA/getUpdates "HTTP/1.1 200 OK"
2025-02-10 08:41:21,941 - httpx - INFO - HTTP Request: POST https://api.telegram.org/bot7755128544:AAES3q1UQZaR83h1-m0H_cejTeps0WN_2lA/getUpdates "HTTP/1.1 200 OK"
2025-02-10 08:41:32,191 - httpx - INFO - HTTP Request: POST https://api.telegram.org/bot7755128544:AAES3q1UQZaR83h1-m0H_cejTeps0WN_2lA/getUpdates "HTTP/1.1 200 OK"
2025-02-10 08:41:42,396 - httpx - INFO - HTTP Request: POST https://api.telegram.org/bot7755128544:AAES3q1UQZaR83h1-m0H_cejTeps0WN_2lA/getUpdates "HTTP/1.1 200 OK"
2025-02-10 08:41:52,599 - httpx - INFO - HTTP Request: POST https://api.telegram.org/bot7755128544:AAES3q1UQZaR83h1-m0H_cejTeps0WN_2lA/getUpdates "HTTP/1.1 200 OK"
2025-02-10 08:42:02,808 - httpx - INFO - HTTP Request: POST https://api.telegram.org/bot7755128544:AAES3q1UQZaR83h1-m0H_cejTeps0WN_2lA/getUpdates "HTTP/1.1 200 OK"
2025-02-10 08:42:13,015 - httpx - INFO - HTTP Request: POST https://api.telegram.org/bot7755128544:AAES3q1UQZaR83h1-m0H_cejTeps0WN_2lA/getUpdates "HTTP/1.1 200 OK"
2025-02-10 08:42:23,219 - httpx - INFO - HTTP Request: POST https://api.telegram.org/bot7755128544:AAES3q1UQZaR83h1-m0H_cejTeps0WN_2lA/getUpdates "HTTP/1.1 200 OK"
2025-02-10 08:42:33,465 - httpx - INFO - HTTP Request: POST https://api.telegram.org/bot7755128544:AAES3q1UQZaR83h1-m0H_cejTeps0WN_2lA/getUpdates "HTTP/1.1 200 OK"
2025-02-10 08:42:43,678 - httpx - INFO - HTTP Request: POST https://api.telegram.org/bot7755128544:AAES3q1UQZaR83h1-m0H_cejTeps0WN_2lA/getUpdates "HTTP/1.1 200 OK"
2025-02-10 08:42:53,894 - httpx - INFO - HTTP Request: POST https://api.telegram.org/bot7755128544:AAES3q1UQZaR83h1-m0H_cejTeps0WN_2lA/getUpdates "HTTP/1.1 200 OK"
2025-02-10 08:43:04,098 - httpx - INFO - HTTP Request: POST https://api.telegram.org/bot7755128544:AAES3q1UQZaR83h1-m0H_cejTeps0WN_2lA/getUpdates "HTTP/1.1 200 OK"
2025-02-10 08:43:14,303 - httpx - INFO - HTTP Request: POST https://api.telegram.org/bot7755128544:AAES3q1UQZaR83h1-m0H_cejTeps0WN_2lA/getUpdates "HTTP/1.1 200 OK"
2025-02-10 08:43:24,511 - httpx - INFO - HTTP Request: POST https://api.telegram.org/bot7755128544:AAES3q1UQZaR83h1-m0H_cejTeps0WN_2lA/getUpdates "HTTP/1.1 200 OK"
2025-02-10 08:43:34,716 - httpx - INFO - HTTP Request: POST https://api.telegram.org/bot7755128544:AAES3q1UQZaR83h1-m0H_cejTeps0WN_2lA/getUpdates "HTTP/1.1 200 OK"
2025-02-10 08:43:44,920 - httpx - INFO - HTTP Request: POST https://api.telegram.org/bot7755128544:AAES3q1UQZaR83h1-m0H_cejTeps0WN_2lA/getUpdates "HTTP/1.1 200 OK"
2025-02-10 08:43:55,125 - httpx - INFO - HTTP Request: POST https://api.telegram.org/bot7755128544:AAES3q1UQZaR83h1-m0H_cejTeps0WN_2lA/getUpdates "HTTP/1.1 200 OK"
2025-02-10 08:44:05,329 - httpx - INFO - HTTP Request: POST https://api.telegram.org/bot7755128544:AAES3q1UQZaR83h1-m0H_cejTeps0WN_2lA/getUpdates "HTTP/1.1 200 OK"
2025-02-10 08:44:15,531 - httpx - INFO - HTTP Request: POST https://api.telegram.org/bot7755128544:AAES3q1UQZaR83h1-m0H_cejTeps0WN_2lA/getUpdates "HTTP/1.1 200 OK"
2025-02-10 08:44:25,735 - httpx - INFO - HTTP Request: POST https://api.telegram.org/bot7755128544:AAES3q1UQZaR83h1-m0H_cejTeps0WN_2lA/getUpdates "HTTP/1.1 200 OK"
2025-02-10 08:44:35,940 - httpx - INFO - HTTP Request: POST https://api.telegram.org/bot7755128544:AAES3q1UQZaR83h1-m0H_cejTeps0WN_2lA/getUpdates "HTTP/1.1 200 OK"
2025-02-10 08:44:46,168 - httpx - INFO - HTTP Request: POST https://api.telegram.org/bot7755128544:AAES3q1UQZaR83h1-m0H_cejTeps0WN_2lA/getUpdates "HTTP/1.1 200 OK"
2025-02-10 08:44:56,392 - httpx - INFO - HTTP Request: POST https://api.telegram.org/bot7755128544:AAES3q1UQZaR83h1-m0H_cejTeps0WN_2lA/getUpdates "HTTP/1.1 200 OK"
2025-02-10 08:45:06,599 - httpx - INFO - HTTP Request: POST https://api.telegram.org/bot7755128544:AAES3q1UQZaR83h1-m0H_cejTeps0WN_2lA/getUpdates "HTTP/1.1 200 OK"
2025-02-10 08:45:16,850 - httpx - INFO - HTTP Request: POST https://api.telegram.org/bot7755128544:AAES3q1UQZaR83h1-m0H_cejTeps0WN_2lA/getUpdates "HTTP/1.1 200 OK"
2025-02-10 08:45:27,052 - httpx - INFO - HTTP Request: POST https://api.telegram.org/bot7755128544:AAES3q1UQZaR83h1-m0H_cejTeps0WN_2lA/getUpdates "HTTP/1.1 200 OK"
2025-02-10 08:45:37,267 - httpx - INFO - HTTP Request: POST https://api.telegram.org/bot7755128544:AAES3q1UQZaR83h1-m0H_cejTeps0WN_2lA/getUpdates "HTTP/1.1 200 OK"
2025-02-10 08:45:47,477 - httpx - INFO - HTTP Request: POST https://api.telegram.org/bot7755128544:AAES3q1UQZaR83h1-m0H_cejTeps0WN_2lA/getUpdates "HTTP/1.1 200 OK"
2025-02-10 08:45:57,679 - httpx - INFO - HTTP Request: POST https://api.telegram.org/bot7755128544:AAES3q1UQZaR83h1-m0H_cejTeps0WN_2lA/getUpdates "HTTP/1.1 200 OK"
2025-02-10 08:46:07,884 - httpx - INFO - HTTP Request: POST https://api.telegram.org/bot7755128544:AAES3q1UQZaR83h1-m0H_cejTeps0WN_2lA/getUpdates "HTTP/1.1 200 OK"
2025-02-10 08:46:18,087 - httpx - INFO - HTTP Request: POST https://api.telegram.org/bot7755128544:AAES3q1UQZaR83h1-m0H_cejTeps0WN_2lA/getUpdates "HTTP/1.1 200 OK"
2025-02-10 08:46:28,295 - httpx - INFO - HTTP Request: POST https://api.telegram.org/bot7755128544:AAES3q1UQZaR83h1-m0H_cejTeps0WN_2lA/getUpdates "HTTP/1.1 200 OK"
2025-02-10 08:46:38,499 - httpx - INFO - HTTP Request: POST https://api.telegram.org/bot7755128544:AAES3q1UQZaR83h1-m0H_cejTeps0WN_2lA/getUpdates "HTTP/1.1 200 OK"
2025-02-10 08:46:48,707 - httpx - INFO - HTTP Request: POST https://api.telegram.org/bot7755128544:AAES3q1UQZaR83h1-m0H_cejTeps0WN_2lA/getUpdates "HTTP/1.1 200 OK"
2025-02-10 08:46:58,912 - httpx - INFO - HTTP Request: POST https://api.telegram.org/bot7755128544:AAES3q1UQZaR83h1-m0H_cejTeps0WN_2lA/getUpdates "HTTP/1.1 200 OK"
2025-02-10 08:47:09,118 - httpx - INFO - HTTP Request: POST https://api.telegram.org/bot7755128544:AAES3q1UQZaR83h1-m0H_cejTeps0WN_2lA/getUpdates "HTTP/1.1 200 OK"
2025-02-10 08:47:19,327 - httpx - INFO - HTTP Request: POST https://api.telegram.org/bot7755128544:AAES3q1UQZaR83h1-m0H_cejTeps0WN_2lA/getUpdates "HTTP/1.1 200 OK"
2025-02-10 08:47:29,532 - httpx - INFO - HTTP Request: POST https://api.telegram.org/bot7755128544:AAES3q1UQZaR83h1-m0H_cejTeps0WN_2lA/getUpdates "HTTP/1.1 200 OK"
2025-02-10 08:47:39,736 - httpx - INFO - HTTP Request: POST https://api.telegram.org/bot7755128544:AAES3q1UQZaR83h1-m0H_cejTeps0WN_2lA/getUpdates "HTTP/1.1 200 OK"
2025-02-10 08:47:49,939 - httpx - INFO - HTTP Request: POST https://api.telegram.org/bot7755128544:AAES3q1UQZaR83h1-m0H_cejTeps0WN_2lA/getUpdates "HTTP/1.1 200 OK"
2025-02-10 08:48:00,145 - httpx - INFO - HTTP Request: POST https://api.telegram.org/bot7755128544:AAES3q1UQZaR83h1-m0H_cejTeps0WN_2lA/getUpdates "HTTP/1.1 200 OK"
2025-02-10 08:48:10,362 - httpx - INFO - HTTP Request: POST https://api.telegram.org/bot7755128544:AAES3q1UQZaR83h1-m0H_cejTeps0WN_2lA/getUpdates "HTTP/1.1 200 OK"
2025-02-10 08:48:20,566 - httpx - INFO - HTTP Request: POST https://api.telegram.org/bot7755128544:AAES3q1UQZaR83h1-m0H_cejTeps0WN_2lA/getUpdates "HTTP/1.1 200 OK"
2025-02-10 08:48:30,769 - httpx - INFO - HTTP Request: POST https://api.telegram.org/bot7755128544:AAES3q1UQZaR83h1-m0H_cejTeps0WN_2lA/getUpdates "HTTP/1.1 200 OK"
2025-02-10 08:48:40,987 - httpx - INFO - HTTP Request: POST https://api.telegram.org/bot7755128544:AAES3q1UQZaR83h1-m0H_cejTeps0WN_2lA/getUpdates "HTTP/1.1 200 OK"
2025-02-10 08:48:51,197 - httpx - INFO - HTTP Request: POST https://api.telegram.org/bot7755128544:AAES3q1UQZaR83h1-m0H_cejTeps0WN_2lA/getUpdates "HTTP/1.1 200 OK"
2025-02-10 08:49:01,401 - httpx - INFO - HTTP Request: POST https://api.telegram.org/bot7755128544:AAES3q1UQZaR83h1-m0H_cejTeps0WN_2lA/getUpdates "HTTP/1.1 200 OK"
2025-02-10 08:49:11,605 - httpx - INFO - HTTP Request: POST https://api.telegram.org/bot7755128544:AAES3q1UQZaR83h1-m0H_cejTeps0WN_2lA/getUpdates "HTTP/1.1 200 OK"
2025-02-10 08:49:21,809 - httpx - INFO - HTTP Request: POST https://api.telegram.org/bot7755128544:AAES3q1UQZaR83h1-m0H_cejTeps0WN_2lA/getUpdates "HTTP/1.1 200 OK"
2025-02-10 08:49:32,015 - httpx - INFO - HTTP Request: POST https://api.telegram.org/bot7755128544:AAES3q1UQZaR83h1-m0H_cejTeps0WN_2lA/getUpdates "HTTP/1.1 200 OK"
2025-02-10 08:49:42,219 - httpx - INFO - HTTP Request: POST https://api.telegram.org/bot7755128544:AAES3q1UQZaR83h1-m0H_cejTeps0WN_2lA/getUpdates "HTTP/1.1 200 OK"
2025-02-10 08:49:52,458 - httpx - INFO - HTTP Request: POST https://api.telegram.org/bot7755128544:AAES3q1UQZaR83h1-m0H_cejTeps0WN_2lA/getUpdates "HTTP/1.1 200 OK"
2025-02-10 08:50:02,662 - httpx - INFO - HTTP Request: POST https://api.telegram.org/bot7755128544:AAES3q1UQZaR83h1-m0H_cejTeps0WN_2lA/getUpdates "HTTP/1.1 200 OK"
2025-02-10 08:50:12,902 - httpx - INFO - HTTP Request: POST https://api.telegram.org/bot7755128544:AAES3q1UQZaR83h1-m0H_cejTeps0WN_2lA/getUpdates "HTTP/1.1 200 OK"
2025-02-10 08:50:16,326 - httpx - INFO - HTTP Request: POST https://api.telegram.org/bot7755128544:AAES3q1UQZaR83h1-m0H_cejTeps0WN_2lA/getUpdates "HTTP/1.1 200 OK"
2025-02-10 08:50:16,328 - telegram.ext.Application - INFO - Application is stopping. This might take a moment.
2025-02-10 08:50:16,329 - apscheduler.scheduler - INFO - Scheduler has been shut down
2025-02-10 08:50:16,330 - telegram.ext.Application - INFO - Application.stop() complete
2025-02-10 08:50:19,645 - __main__ - INFO - Bot started successfully!
2025-02-10 08:50:20,346 - httpx - INFO - HTTP Request: POST https://api.telegram.org/bot7755128544:AAES3q1UQZaR83h1-m0H_cejTeps0WN_2lA/getMe "HTTP/1.1 200 OK"
2025-02-10 08:50:20,569 - httpx - INFO - HTTP Request: POST https://api.telegram.org/bot7755128544:AAES3q1UQZaR83h1-m0H_cejTeps0WN_2lA/deleteWebhook "HTTP/1.1 200 OK"
2025-02-10 08:50:20,571 - apscheduler.scheduler - INFO - Scheduler started
2025-02-10 08:50:20,572 - telegram.ext.Application - INFO - Application started
2025-02-10 08:50:29,236 - httpx - INFO - HTTP Request: POST https://api.telegram.org/bot7755128544:AAES3q1UQZaR83h1-m0H_cejTeps0WN_2lA/getUpdates "HTTP/1.1 200 OK"
2025-02-10 08:50:30,447 - httpx - INFO - HTTP Request: POST https://api.telegram.org/bot7755128544:AAES3q1UQZaR83h1-m0H_cejTeps0WN_2lA/sendMessage "HTTP/1.1 200 OK"
2025-02-10 08:50:30,449 - __main__ - INFO - Starting screenshot capture for URL: https://docs.google.com/spreadsheets/d/10uYuKwMVvOM8Mq0lobyhp4vw3_ohw38SlpNwTLN-oWQ/pubhtml
2025-02-10 08:50:30,449 - __main__ - INFO - Chrome options configured: ['--headless', '--no-sandbox', '--disable-dev-shm-usage', '--window-size=1920,1080', '--disable-gpu', '--hide-scrollbars', '--disable-extensions', '--disable-infobars']
2025-02-10 08:50:32,643 - __main__ - INFO - Navigating to URL: https://docs.google.com/spreadsheets/d/10uYuKwMVvOM8Mq0lobyhp4vw3_ohw38SlpNwTLN-oWQ/pubhtml
2025-02-10 08:51:05,870 - __main__ - ERROR - Error capturing screenshot: Message: 
Stacktrace:
	GetHandleVerifier [0x00007FF6278D2EC5+28789]
	(No symbol) [0x00007FF62783F870]
	(No symbol) [0x00007FF6276D8F9A]
	(No symbol) [0x00007FF62772F236]
	(No symbol) [0x00007FF62772F46C]
	(No symbol) [0x00007FF6277829F7]
	(No symbol) [0x00007FF62775725F]
	(No symbol) [0x00007FF62777F6C3]
	(No symbol) [0x00007FF627756FF3]
	(No symbol) [0x00007FF62771FF0E]
	(No symbol) [0x00007FF627721193]
	GetHandleVerifier [0x00007FF627C1D5FD+3479469]
	GetHandleVerifier [0x00007FF627C371A3+3584851]
	GetHandleVerifier [0x00007FF627C2C44D+3540477]
	GetHandleVerifier [0x00007FF627998B6A+838938]
	(No symbol) [0x00007FF62784A4EF]
	(No symbol) [0x00007FF627846954]
	(No symbol) [0x00007FF627846AF6]
	(No symbol) [0x00007FF627836499]
	BaseThreadInitThunk [0x00007FFBA524259D+29]
	RtlUserThreadStart [0x00007FFBA61CAF38+40]
Traceback (most recent call last):
  File "C:\Users\LENOVO\AppData\Roaming\Microsoft\Windows\Start Menu\Programs\Telegram Desktop\bot\bot.py", line 83, in capture_screenshot
    content = wait.until(EC.presence_of_element_located((By.CSS_SELECTOR, '.waffle, .grid-container')))
  File "C:\laragon\bin\python\python-3.10\lib\site-packages\selenium\webdriver\support\wait.py", line 146, in until
    raise TimeoutException(message, screen, stacktrace)
selenium.common.exceptions.TimeoutException: Message: 
Stacktrace:
	GetHandleVerifier [0x00007FF6278D2EC5+28789]
	(No symbol) [0x00007FF62783F870]
	(No symbol) [0x00007FF6276D8F9A]
	(No symbol) [0x00007FF62772F236]
	(No symbol) [0x00007FF62772F46C]
	(No symbol) [0x00007FF6277829F7]
	(No symbol) [0x00007FF62775725F]
	(No symbol) [0x00007FF62777F6C3]
	(No symbol) [0x00007FF627756FF3]
	(No symbol) [0x00007FF62771FF0E]
	(No symbol) [0x00007FF627721193]
	GetHandleVerifier [0x00007FF627C1D5FD+3479469]
	GetHandleVerifier [0x00007FF627C371A3+3584851]
	GetHandleVerifier [0x00007FF627C2C44D+3540477]
	GetHandleVerifier [0x00007FF627998B6A+838938]
	(No symbol) [0x00007FF62784A4EF]
	(No symbol) [0x00007FF627846954]
	(No symbol) [0x00007FF627846AF6]
	(No symbol) [0x00007FF627836499]
	BaseThreadInitThunk [0x00007FFBA524259D+29]
	RtlUserThreadStart [0x00007FFBA61CAF38+40]

2025-02-10 08:51:08,187 - httpx - INFO - HTTP Request: POST https://api.telegram.org/bot7755128544:AAES3q1UQZaR83h1-m0H_cejTeps0WN_2lA/getUpdates "HTTP/1.1 200 OK"
2025-02-10 08:51:13,046 - httpx - INFO - HTTP Request: POST https://api.telegram.org/bot7755128544:AAES3q1UQZaR83h1-m0H_cejTeps0WN_2lA/editMessageText "HTTP/1.1 200 OK"
2025-02-10 08:51:22,474 - httpx - INFO - HTTP Request: POST https://api.telegram.org/bot7755128544:AAES3q1UQZaR83h1-m0H_cejTeps0WN_2lA/getUpdates "HTTP/1.1 200 OK"
2025-02-10 08:51:32,752 - httpx - INFO - HTTP Request: POST https://api.telegram.org/bot7755128544:AAES3q1UQZaR83h1-m0H_cejTeps0WN_2lA/getUpdates "HTTP/1.1 200 OK"
2025-02-10 08:51:43,029 - httpx - INFO - HTTP Request: POST https://api.telegram.org/bot7755128544:AAES3q1UQZaR83h1-m0H_cejTeps0WN_2lA/getUpdates "HTTP/1.1 200 OK"
2025-02-10 08:51:53,306 - httpx - INFO - HTTP Request: POST https://api.telegram.org/bot7755128544:AAES3q1UQZaR83h1-m0H_cejTeps0WN_2lA/getUpdates "HTTP/1.1 200 OK"
2025-02-10 08:52:03,582 - httpx - INFO - HTTP Request: POST https://api.telegram.org/bot7755128544:AAES3q1UQZaR83h1-m0H_cejTeps0WN_2lA/getUpdates "HTTP/1.1 200 OK"
2025-02-10 08:52:13,867 - httpx - INFO - HTTP Request: POST https://api.telegram.org/bot7755128544:AAES3q1UQZaR83h1-m0H_cejTeps0WN_2lA/getUpdates "HTTP/1.1 200 OK"
2025-02-10 08:52:24,177 - httpx - INFO - HTTP Request: POST https://api.telegram.org/bot7755128544:AAES3q1UQZaR83h1-m0H_cejTeps0WN_2lA/getUpdates "HTTP/1.1 200 OK"
2025-02-10 08:52:34,459 - httpx - INFO - HTTP Request: POST https://api.telegram.org/bot7755128544:AAES3q1UQZaR83h1-m0H_cejTeps0WN_2lA/getUpdates "HTTP/1.1 200 OK"
2025-02-10 08:52:44,734 - httpx - INFO - HTTP Request: POST https://api.telegram.org/bot7755128544:AAES3q1UQZaR83h1-m0H_cejTeps0WN_2lA/getUpdates "HTTP/1.1 200 OK"
2025-02-10 08:52:55,035 - httpx - INFO - HTTP Request: POST https://api.telegram.org/bot7755128544:AAES3q1UQZaR83h1-m0H_cejTeps0WN_2lA/getUpdates "HTTP/1.1 200 OK"
2025-02-10 08:53:05,310 - httpx - INFO - HTTP Request: POST https://api.telegram.org/bot7755128544:AAES3q1UQZaR83h1-m0H_cejTeps0WN_2lA/getUpdates "HTTP/1.1 200 OK"
2025-02-10 08:53:15,591 - httpx - INFO - HTTP Request: POST https://api.telegram.org/bot7755128544:AAES3q1UQZaR83h1-m0H_cejTeps0WN_2lA/getUpdates "HTTP/1.1 200 OK"
2025-02-10 08:53:25,866 - httpx - INFO - HTTP Request: POST https://api.telegram.org/bot7755128544:AAES3q1UQZaR83h1-m0H_cejTeps0WN_2lA/getUpdates "HTTP/1.1 200 OK"
2025-02-10 08:53:36,144 - httpx - INFO - HTTP Request: POST https://api.telegram.org/bot7755128544:AAES3q1UQZaR83h1-m0H_cejTeps0WN_2lA/getUpdates "HTTP/1.1 200 OK"
2025-02-10 08:53:46,465 - httpx - INFO - HTTP Request: POST https://api.telegram.org/bot7755128544:AAES3q1UQZaR83h1-m0H_cejTeps0WN_2lA/getUpdates "HTTP/1.1 200 OK"
2025-02-10 08:53:56,743 - httpx - INFO - HTTP Request: POST https://api.telegram.org/bot7755128544:AAES3q1UQZaR83h1-m0H_cejTeps0WN_2lA/getUpdates "HTTP/1.1 200 OK"
2025-02-10 08:54:07,026 - httpx - INFO - HTTP Request: POST https://api.telegram.org/bot7755128544:AAES3q1UQZaR83h1-m0H_cejTeps0WN_2lA/getUpdates "HTTP/1.1 200 OK"
2025-02-10 08:54:17,304 - httpx - INFO - HTTP Request: POST https://api.telegram.org/bot7755128544:AAES3q1UQZaR83h1-m0H_cejTeps0WN_2lA/getUpdates "HTTP/1.1 200 OK"
2025-02-10 08:54:27,581 - httpx - INFO - HTTP Request: POST https://api.telegram.org/bot7755128544:AAES3q1UQZaR83h1-m0H_cejTeps0WN_2lA/getUpdates "HTTP/1.1 200 OK"
2025-02-10 08:54:37,864 - httpx - INFO - HTTP Request: POST https://api.telegram.org/bot7755128544:AAES3q1UQZaR83h1-m0H_cejTeps0WN_2lA/getUpdates "HTTP/1.1 200 OK"
2025-02-10 08:54:48,139 - httpx - INFO - HTTP Request: POST https://api.telegram.org/bot7755128544:AAES3q1UQZaR83h1-m0H_cejTeps0WN_2lA/getUpdates "HTTP/1.1 200 OK"
2025-02-10 08:54:58,416 - httpx - INFO - HTTP Request: POST https://api.telegram.org/bot7755128544:AAES3q1UQZaR83h1-m0H_cejTeps0WN_2lA/getUpdates "HTTP/1.1 200 OK"
2025-02-10 08:55:08,700 - httpx - INFO - HTTP Request: POST https://api.telegram.org/bot7755128544:AAES3q1UQZaR83h1-m0H_cejTeps0WN_2lA/getUpdates "HTTP/1.1 200 OK"
2025-02-10 08:55:18,979 - httpx - INFO - HTTP Request: POST https://api.telegram.org/bot7755128544:AAES3q1UQZaR83h1-m0H_cejTeps0WN_2lA/getUpdates "HTTP/1.1 200 OK"
2025-02-10 08:55:29,276 - httpx - INFO - HTTP Request: POST https://api.telegram.org/bot7755128544:AAES3q1UQZaR83h1-m0H_cejTeps0WN_2lA/getUpdates "HTTP/1.1 200 OK"
2025-02-10 08:55:39,551 - httpx - INFO - HTTP Request: POST https://api.telegram.org/bot7755128544:AAES3q1UQZaR83h1-m0H_cejTeps0WN_2lA/getUpdates "HTTP/1.1 200 OK"
2025-02-10 08:55:49,828 - httpx - INFO - HTTP Request: POST https://api.telegram.org/bot7755128544:AAES3q1UQZaR83h1-m0H_cejTeps0WN_2lA/getUpdates "HTTP/1.1 200 OK"
2025-02-10 08:56:00,106 - httpx - INFO - HTTP Request: POST https://api.telegram.org/bot7755128544:AAES3q1UQZaR83h1-m0H_cejTeps0WN_2lA/getUpdates "HTTP/1.1 200 OK"
2025-02-10 08:56:10,423 - httpx - INFO - HTTP Request: POST https://api.telegram.org/bot7755128544:AAES3q1UQZaR83h1-m0H_cejTeps0WN_2lA/getUpdates "HTTP/1.1 200 OK"
2025-02-10 08:56:20,705 - httpx - INFO - HTTP Request: POST https://api.telegram.org/bot7755128544:AAES3q1UQZaR83h1-m0H_cejTeps0WN_2lA/getUpdates "HTTP/1.1 200 OK"
2025-02-10 08:56:30,981 - httpx - INFO - HTTP Request: POST https://api.telegram.org/bot7755128544:AAES3q1UQZaR83h1-m0H_cejTeps0WN_2lA/getUpdates "HTTP/1.1 200 OK"
2025-02-10 08:56:41,257 - httpx - INFO - HTTP Request: POST https://api.telegram.org/bot7755128544:AAES3q1UQZaR83h1-m0H_cejTeps0WN_2lA/getUpdates "HTTP/1.1 200 OK"
2025-02-10 08:56:51,533 - httpx - INFO - HTTP Request: POST https://api.telegram.org/bot7755128544:AAES3q1UQZaR83h1-m0H_cejTeps0WN_2lA/getUpdates "HTTP/1.1 200 OK"
2025-02-10 08:57:01,870 - httpx - INFO - HTTP Request: POST https://api.telegram.org/bot7755128544:AAES3q1UQZaR83h1-m0H_cejTeps0WN_2lA/getUpdates "HTTP/1.1 200 OK"
2025-02-10 08:57:12,146 - httpx - INFO - HTTP Request: POST https://api.telegram.org/bot7755128544:AAES3q1UQZaR83h1-m0H_cejTeps0WN_2lA/getUpdates "HTTP/1.1 200 OK"
2025-02-10 08:57:22,423 - httpx - INFO - HTTP Request: POST https://api.telegram.org/bot7755128544:AAES3q1UQZaR83h1-m0H_cejTeps0WN_2lA/getUpdates "HTTP/1.1 200 OK"
2025-02-10 08:57:32,699 - httpx - INFO - HTTP Request: POST https://api.telegram.org/bot7755128544:AAES3q1UQZaR83h1-m0H_cejTeps0WN_2lA/getUpdates "HTTP/1.1 200 OK"
2025-02-10 08:57:43,023 - httpx - INFO - HTTP Request: POST https://api.telegram.org/bot7755128544:AAES3q1UQZaR83h1-m0H_cejTeps0WN_2lA/getUpdates "HTTP/1.1 200 OK"
2025-02-10 08:57:48,966 - httpx - INFO - HTTP Request: POST https://api.telegram.org/bot7755128544:AAES3q1UQZaR83h1-m0H_cejTeps0WN_2lA/getUpdates "HTTP/1.1 200 OK"
2025-02-10 08:57:48,968 - telegram.ext.Application - INFO - Application is stopping. This might take a moment.
2025-02-10 08:57:48,968 - apscheduler.scheduler - INFO - Scheduler has been shut down
2025-02-10 08:57:48,969 - telegram.ext.Application - INFO - Application.stop() complete
